[ 2019-07-14T00:01:07+08:00 ] ::1 /fly/Home/Order/search
INFO: [ app_init ] --START--
INFO: Run Behavior\BuildLiteBehavior [ RunTime:0.000015s ]
INFO: [ app_init ] --END-- [ RunTime:0.000382s ]
INFO: [ app_begin ] --START--
INFO: Run Behavior\ReadHtmlCacheBehavior [ RunTime:0.000848s ]
INFO: [ app_begin ] --END-- [ RunTime:0.000923s ]
SQL: SHOW COLUMNS FROM `orders` [ RunTime:0.0037s ]
SQL: SELECT * FROM `orders` WHERE `uid` = 1  [ RunTime:0.0003s ]
NOTIC: [2] Illegal string offset 'oid' E:\phpStudy\PHPTutorial\WWW\fly\Application\Home\Controller\OrderController.class.php 第 54 行.
SQL: SHOW COLUMNS FROM `orders_item` [ RunTime:0.0034s ]
SQL: SELECT * FROM orders_item a,ticket b WHERE ( a.t_id = b.tid and a.o_id ="3" )  [ RunTime:0.0006s ]
NOTIC: [2] Illegal string offset 'oid' E:\phpStudy\PHPTutorial\WWW\fly\Application\Home\Controller\OrderController.class.php 第 54 行.
SQL: SHOW COLUMNS FROM `orders_item` [ RunTime:0.0025s ]
SQL: SELECT * FROM orders_item a,ticket b WHERE ( a.t_id = b.tid and a.o_id ="1" )  [ RunTime:0.0003s ]
NOTIC: [2] Illegal string offset 'oid' E:\phpStudy\PHPTutorial\WWW\fly\Application\Home\Controller\OrderController.class.php 第 54 行.
SQL: SHOW COLUMNS FROM `orders_item` [ RunTime:0.0040s ]
SQL: SELECT * FROM orders_item a,ticket b WHERE ( a.t_id = b.tid and a.o_id ="1" )  [ RunTime:0.0003s ]
INFO: [ app_end ] --START--
INFO: Run Behavior\ShowPageTraceBehavior [ RunTime:0.001406s ]
INFO: [ app_end ] --END-- [ RunTime:0.001475s ]

[ 2019-07-14T00:08:51+08:00 ] ::1 /fly/Home/Order/search
INFO: [ app_init ] --START--
INFO: Run Behavior\BuildLiteBehavior [ RunTime:0.000054s ]
INFO: [ app_init ] --END-- [ RunTime:0.001485s ]
INFO: [ app_begin ] --START--
INFO: Run Behavior\ReadHtmlCacheBehavior [ RunTime:0.001033s ]
INFO: [ app_begin ] --END-- [ RunTime:0.001126s ]

[ 2019-07-14T00:08:59+08:00 ] ::1 /fly/Home/Order/search
INFO: [ app_init ] --START--
INFO: Run Behavior\BuildLiteBehavior [ RunTime:0.000024s ]
INFO: [ app_init ] --END-- [ RunTime:0.000867s ]
INFO: [ app_begin ] --START--
INFO: Run Behavior\ReadHtmlCacheBehavior [ RunTime:0.000601s ]
INFO: [ app_begin ] --END-- [ RunTime:0.000655s ]
SQL: SHOW COLUMNS FROM `orders` [ RunTime:0.0044s ]
SQL: SELECT * FROM `orders` WHERE `uid` = 1  [ RunTime:0.0003s ]
NOTIC: [2] Illegal string offset 'oid' E:\phpStudy\PHPTutorial\WWW\fly\Application\Home\Controller\OrderController.class.php 第 55 行.
SQL: SHOW COLUMNS FROM `orders_item` [ RunTime:0.0028s ]
SQL: SELECT * FROM orders_item a,ticket b WHERE ( a.t_id = b.tid and a.o_id ="3" )  [ RunTime:0.0003s ]
NOTIC: [2] Illegal string offset 'oid' E:\phpStudy\PHPTutorial\WWW\fly\Application\Home\Controller\OrderController.class.php 第 58 行.
NOTIC: [2] Illegal string offset 'status' E:\phpStudy\PHPTutorial\WWW\fly\Application\Home\Controller\OrderController.class.php 第 58 行.
NOTIC: [2] Illegal string offset 'num' E:\phpStudy\PHPTutorial\WWW\fly\Application\Home\Controller\OrderController.class.php 第 58 行.
NOTIC: [2] Illegal string offset 'oid' E:\phpStudy\PHPTutorial\WWW\fly\Application\Home\Controller\OrderController.class.php 第 55 行.
SQL: SHOW COLUMNS FROM `orders_item` [ RunTime:0.0027s ]
SQL: SELECT * FROM orders_item a,ticket b WHERE ( a.t_id = b.tid and a.o_id ="1" )  [ RunTime:0.0003s ]
NOTIC: [2] Illegal string offset 'oid' E:\phpStudy\PHPTutorial\WWW\fly\Application\Home\Controller\OrderController.class.php 第 58 行.
NOTIC: [2] Illegal string offset 'status' E:\phpStudy\PHPTutorial\WWW\fly\Application\Home\Controller\OrderController.class.php 第 58 行.
NOTIC: [2] Illegal string offset 'num' E:\phpStudy\PHPTutorial\WWW\fly\Application\Home\Controller\OrderController.class.php 第 58 行.
NOTIC: [2] Illegal string offset 'oid' E:\phpStudy\PHPTutorial\WWW\fly\Application\Home\Controller\OrderController.class.php 第 55 行.
SQL: SHOW COLUMNS FROM `orders_item` [ RunTime:0.0037s ]
SQL: SELECT * FROM orders_item a,ticket b WHERE ( a.t_id = b.tid and a.o_id ="1" )  [ RunTime:0.0003s ]
NOTIC: [2] Illegal string offset 'oid' E:\phpStudy\PHPTutorial\WWW\fly\Application\Home\Controller\OrderController.class.php 第 58 行.
NOTIC: [2] Illegal string offset 'status' E:\phpStudy\PHPTutorial\WWW\fly\Application\Home\Controller\OrderController.class.php 第 58 行.
NOTIC: [2] Illegal string offset 'num' E:\phpStudy\PHPTutorial\WWW\fly\Application\Home\Controller\OrderController.class.php 第 58 行.
INFO: [ app_end ] --START--
INFO: Run Behavior\ShowPageTraceBehavior [ RunTime:0.005281s ]
INFO: [ app_end ] --END-- [ RunTime:0.005349s ]

[ 2019-07-14T00:09:42+08:00 ] ::1 /fly/Home/Order/search
INFO: [ app_init ] --START--
INFO: Run Behavior\BuildLiteBehavior [ RunTime:0.000015s ]
INFO: [ app_init ] --END-- [ RunTime:0.000395s ]
INFO: [ app_begin ] --START--
INFO: Run Behavior\ReadHtmlCacheBehavior [ RunTime:0.000789s ]
INFO: [ app_begin ] --END-- [ RunTime:0.000836s ]
SQL: SHOW COLUMNS FROM `orders` [ RunTime:0.0895s ]
SQL: SELECT * FROM `orders` WHERE `uid` = 1  [ RunTime:0.0005s ]
NOTIC: [2] Illegal string offset 'oid' E:\phpStudy\PHPTutorial\WWW\fly\Application\Home\Controller\OrderController.class.php 第 55 行.
SQL: SHOW COLUMNS FROM `orders_item` [ RunTime:0.0354s ]
SQL: SELECT * FROM orders_item a,ticket b WHERE ( a.t_id = b.tid and a.o_id ="3" )  [ RunTime:0.0004s ]
NOTIC: [2] Illegal string offset 'oid' E:\phpStudy\PHPTutorial\WWW\fly\Application\Home\Controller\OrderController.class.php 第 58 行.
NOTIC: [2] Illegal string offset 'status' E:\phpStudy\PHPTutorial\WWW\fly\Application\Home\Controller\OrderController.class.php 第 58 行.
NOTIC: [2] Illegal string offset 'num' E:\phpStudy\PHPTutorial\WWW\fly\Application\Home\Controller\OrderController.class.php 第 58 行.
NOTIC: [2] Illegal string offset 'oid' E:\phpStudy\PHPTutorial\WWW\fly\Application\Home\Controller\OrderController.class.php 第 55 行.
SQL: SHOW COLUMNS FROM `orders_item` [ RunTime:0.0338s ]
SQL: SELECT * FROM orders_item a,ticket b WHERE ( a.t_id = b.tid and a.o_id ="1" )  [ RunTime:0.0003s ]
NOTIC: [2] Illegal string offset 'oid' E:\phpStudy\PHPTutorial\WWW\fly\Application\Home\Controller\OrderController.class.php 第 58 行.
NOTIC: [2] Illegal string offset 'status' E:\phpStudy\PHPTutorial\WWW\fly\Application\Home\Controller\OrderController.class.php 第 58 行.
NOTIC: [2] Illegal string offset 'num' E:\phpStudy\PHPTutorial\WWW\fly\Application\Home\Controller\OrderController.class.php 第 58 行.
NOTIC: [2] Illegal string offset 'oid' E:\phpStudy\PHPTutorial\WWW\fly\Application\Home\Controller\OrderController.class.php 第 55 行.
SQL: SHOW COLUMNS FROM `orders_item` [ RunTime:0.0034s ]
SQL: SELECT * FROM orders_item a,ticket b WHERE ( a.t_id = b.tid and a.o_id ="1" )  [ RunTime:0.0004s ]
NOTIC: [2] Illegal string offset 'oid' E:\phpStudy\PHPTutorial\WWW\fly\Application\Home\Controller\OrderController.class.php 第 58 行.
NOTIC: [2] Illegal string offset 'status' E:\phpStudy\PHPTutorial\WWW\fly\Application\Home\Controller\OrderController.class.php 第 58 行.
NOTIC: [2] Illegal string offset 'num' E:\phpStudy\PHPTutorial\WWW\fly\Application\Home\Controller\OrderController.class.php 第 58 行.
INFO: [ app_end ] --START--
INFO: Run Behavior\ShowPageTraceBehavior [ RunTime:0.000880s ]
INFO: [ app_end ] --END-- [ RunTime:0.000921s ]

[ 2019-07-14T00:14:42+08:00 ] ::1 /fly/Home/Order/search
INFO: [ app_init ] --START--
INFO: Run Behavior\BuildLiteBehavior [ RunTime:0.000043s ]
INFO: [ app_init ] --END-- [ RunTime:0.000930s ]
INFO: [ app_begin ] --START--
INFO: Run Behavior\ReadHtmlCacheBehavior [ RunTime:0.001277s ]
INFO: [ app_begin ] --END-- [ RunTime:0.001432s ]
SQL: SHOW COLUMNS FROM `orders` [ RunTime:0.0034s ]
SQL: SELECT * FROM `orders` WHERE `uid` = 1  [ RunTime:0.0002s ]
NOTIC: [2] Illegal string offset 'oid' E:\phpStudy\PHPTutorial\WWW\fly\Application\Home\Controller\OrderController.class.php 第 55 行.
SQL: SHOW COLUMNS FROM `orders_item` [ RunTime:0.0033s ]
SQL: SELECT * FROM orders_item a,ticket b WHERE ( a.t_id = b.tid and a.o_id ="3" )  [ RunTime:0.0003s ]
NOTIC: [2] Illegal string offset 'oid' E:\phpStudy\PHPTutorial\WWW\fly\Application\Home\Controller\OrderController.class.php 第 56 行.
NOTIC: [2] Illegal string offset 'status' E:\phpStudy\PHPTutorial\WWW\fly\Application\Home\Controller\OrderController.class.php 第 56 行.
NOTIC: [2] Illegal string offset 'num' E:\phpStudy\PHPTutorial\WWW\fly\Application\Home\Controller\OrderController.class.php 第 56 行.
NOTIC: [2] Illegal string offset 'oid' E:\phpStudy\PHPTutorial\WWW\fly\Application\Home\Controller\OrderController.class.php 第 55 行.
SQL: SHOW COLUMNS FROM `orders_item` [ RunTime:0.0023s ]
SQL: SELECT * FROM orders_item a,ticket b WHERE ( a.t_id = b.tid and a.o_id ="1" )  [ RunTime:0.0003s ]
NOTIC: [2] Illegal string offset 'oid' E:\phpStudy\PHPTutorial\WWW\fly\Application\Home\Controller\OrderController.class.php 第 56 行.
NOTIC: [2] Illegal string offset 'status' E:\phpStudy\PHPTutorial\WWW\fly\Application\Home\Controller\OrderController.class.php 第 56 行.
NOTIC: [2] Illegal string offset 'num' E:\phpStudy\PHPTutorial\WWW\fly\Application\Home\Controller\OrderController.class.php 第 56 行.
NOTIC: [2] Illegal string offset 'oid' E:\phpStudy\PHPTutorial\WWW\fly\Application\Home\Controller\OrderController.class.php 第 55 行.
SQL: SHOW COLUMNS FROM `orders_item` [ RunTime:0.0042s ]
SQL: SELECT * FROM orders_item a,ticket b WHERE ( a.t_id = b.tid and a.o_id ="1" )  [ RunTime:0.0005s ]
NOTIC: [2] Illegal string offset 'oid' E:\phpStudy\PHPTutorial\WWW\fly\Application\Home\Controller\OrderController.class.php 第 56 行.
NOTIC: [2] Illegal string offset 'status' E:\phpStudy\PHPTutorial\WWW\fly\Application\Home\Controller\OrderController.class.php 第 56 行.
NOTIC: [2] Illegal string offset 'num' E:\phpStudy\PHPTutorial\WWW\fly\Application\Home\Controller\OrderController.class.php 第 56 行.
INFO: [ view_parse ] --START--
INFO: [ template_filter ] --START--
INFO: Run Behavior\ContentReplaceBehavior [ RunTime:0.000115s ]
INFO: [ template_filter ] --END-- [ RunTime:0.000188s ]
NOTIC: [8] Undefined index: go E:\phpStudy\PHPTutorial\WWW\fly\Application\Runtime\Cache\Home\6ae1cff69b585b0d330cb28b97c25558.php 第 80 行.
NOTIC: [8] Undefined index: arrive E:\phpStudy\PHPTutorial\WWW\fly\Application\Runtime\Cache\Home\6ae1cff69b585b0d330cb28b97c25558.php 第 81 行.
NOTIC: [8] Undefined index: date E:\phpStudy\PHPTutorial\WWW\fly\Application\Runtime\Cache\Home\6ae1cff69b585b0d330cb28b97c25558.php 第 82 行.
NOTIC: [8] Undefined index: cheap_price E:\phpStudy\PHPTutorial\WWW\fly\Application\Runtime\Cache\Home\6ae1cff69b585b0d330cb28b97c25558.php 第 83 行.
NOTIC: [8] Undefined index: expensive_price E:\phpStudy\PHPTutorial\WWW\fly\Application\Runtime\Cache\Home\6ae1cff69b585b0d330cb28b97c25558.php 第 84 行.
NOTIC: [8] Undefined index: company E:\phpStudy\PHPTutorial\WWW\fly\Application\Runtime\Cache\Home\6ae1cff69b585b0d330cb28b97c25558.php 第 85 行.
NOTIC: [8] Undefined index: flight_number E:\phpStudy\PHPTutorial\WWW\fly\Application\Runtime\Cache\Home\6ae1cff69b585b0d330cb28b97c25558.php 第 86 行.
NOTIC: [8] Undefined index: go_time E:\phpStudy\PHPTutorial\WWW\fly\Application\Runtime\Cache\Home\6ae1cff69b585b0d330cb28b97c25558.php 第 87 行.
NOTIC: [8] Undefined index: arrive_time E:\phpStudy\PHPTutorial\WWW\fly\Application\Runtime\Cache\Home\6ae1cff69b585b0d330cb28b97c25558.php 第 88 行.
NOTIC: [8] Undefined index: sprplus E:\phpStudy\PHPTutorial\WWW\fly\Application\Runtime\Cache\Home\6ae1cff69b585b0d330cb28b97c25558.php 第 89 行.
NOTIC: [8] Undefined index: go E:\phpStudy\PHPTutorial\WWW\fly\Application\Runtime\Cache\Home\6ae1cff69b585b0d330cb28b97c25558.php 第 80 行.
NOTIC: [8] Undefined index: arrive E:\phpStudy\PHPTutorial\WWW\fly\Application\Runtime\Cache\Home\6ae1cff69b585b0d330cb28b97c25558.php 第 81 行.
NOTIC: [8] Undefined index: date E:\phpStudy\PHPTutorial\WWW\fly\Application\Runtime\Cache\Home\6ae1cff69b585b0d330cb28b97c25558.php 第 82 行.
NOTIC: [8] Undefined index: cheap_price E:\phpStudy\PHPTutorial\WWW\fly\Application\Runtime\Cache\Home\6ae1cff69b585b0d330cb28b97c25558.php 第 83 行.
NOTIC: [8] Undefined index: expensive_price E:\phpStudy\PHPTutorial\WWW\fly\Application\Runtime\Cache\Home\6ae1cff69b585b0d330cb28b97c25558.php 第 84 行.
NOTIC: [8] Undefined index: company E:\phpStudy\PHPTutorial\WWW\fly\Application\Runtime\Cache\Home\6ae1cff69b585b0d330cb28b97c25558.php 第 85 行.
NOTIC: [8] Undefined index: flight_number E:\phpStudy\PHPTutorial\WWW\fly\Application\Runtime\Cache\Home\6ae1cff69b585b0d330cb28b97c25558.php 第 86 行.
NOTIC: [8] Undefined index: go_time E:\phpStudy\PHPTutorial\WWW\fly\Application\Runtime\Cache\Home\6ae1cff69b585b0d330cb28b97c25558.php 第 87 行.
NOTIC: [8] Undefined index: arrive_time E:\phpStudy\PHPTutorial\WWW\fly\Application\Runtime\Cache\Home\6ae1cff69b585b0d330cb28b97c25558.php 第 88 行.
NOTIC: [8] Undefined index: sprplus E:\phpStudy\PHPTutorial\WWW\fly\Application\Runtime\Cache\Home\6ae1cff69b585b0d330cb28b97c25558.php 第 89 行.
NOTIC: [8] Undefined index: go E:\phpStudy\PHPTutorial\WWW\fly\Application\Runtime\Cache\Home\6ae1cff69b585b0d330cb28b97c25558.php 第 80 行.
NOTIC: [8] Undefined index: arrive E:\phpStudy\PHPTutorial\WWW\fly\Application\Runtime\Cache\Home\6ae1cff69b585b0d330cb28b97c25558.php 第 81 行.
NOTIC: [8] Undefined index: date E:\phpStudy\PHPTutorial\WWW\fly\Application\Runtime\Cache\Home\6ae1cff69b585b0d330cb28b97c25558.php 第 82 行.
NOTIC: [8] Undefined index: cheap_price E:\phpStudy\PHPTutorial\WWW\fly\Application\Runtime\Cache\Home\6ae1cff69b585b0d330cb28b97c25558.php 第 83 行.
NOTIC: [8] Undefined index: expensive_price E:\phpStudy\PHPTutorial\WWW\fly\Application\Runtime\Cache\Home\6ae1cff69b585b0d330cb28b97c25558.php 第 84 行.
NOTIC: [8] Undefined index: company E:\phpStudy\PHPTutorial\WWW\fly\Application\Runtime\Cache\Home\6ae1cff69b585b0d330cb28b97c25558.php 第 85 行.
NOTIC: [8] Undefined index: flight_number E:\phpStudy\PHPTutorial\WWW\fly\Application\Runtime\Cache\Home\6ae1cff69b585b0d330cb28b97c25558.php 第 86 行.
NOTIC: [8] Undefined index: go_time E:\phpStudy\PHPTutorial\WWW\fly\Application\Runtime\Cache\Home\6ae1cff69b585b0d330cb28b97c25558.php 第 87 行.
NOTIC: [8] Undefined index: arrive_time E:\phpStudy\PHPTutorial\WWW\fly\Application\Runtime\Cache\Home\6ae1cff69b585b0d330cb28b97c25558.php 第 88 行.
NOTIC: [8] Undefined index: sprplus E:\phpStudy\PHPTutorial\WWW\fly\Application\Runtime\Cache\Home\6ae1cff69b585b0d330cb28b97c25558.php 第 89 行.
INFO: Run Behavior\ParseTemplateBehavior [ RunTime:0.027368s ]
INFO: [ view_parse ] --END-- [ RunTime:0.027448s ]
INFO: [ view_filter ] --START--
INFO: Run Behavior\WriteHtmlCacheBehavior [ RunTime:0.000563s ]
INFO: [ view_filter ] --END-- [ RunTime:0.000616s ]
INFO: [ app_end ] --START--
INFO: Run Behavior\ShowPageTraceBehavior [ RunTime:0.002142s ]
INFO: [ app_end ] --END-- [ RunTime:0.002237s ]

[ 2019-07-14T00:21:58+08:00 ] ::1 /fly/Home/Order/search
INFO: [ app_init ] --START--
INFO: Run Behavior\BuildLiteBehavior [ RunTime:0.000015s ]
INFO: [ app_init ] --END-- [ RunTime:0.000400s ]
INFO: [ app_begin ] --START--
INFO: Run Behavior\ReadHtmlCacheBehavior [ RunTime:0.001094s ]
INFO: [ app_begin ] --END-- [ RunTime:0.001195s ]
SQL: SHOW COLUMNS FROM `orders` [ RunTime:0.0044s ]
SQL: SELECT * FROM `orders` WHERE `uid` = 1  [ RunTime:0.0004s ]
NOTIC: [2] Illegal string offset 'oid' E:\phpStudy\PHPTutorial\WWW\fly\Application\Home\Controller\OrderController.class.php 第 55 行.
SQL: SHOW COLUMNS FROM `orders_item` [ RunTime:0.0039s ]
SQL: SELECT `go`,`arrive`,`date`,`cheap_price`,`expensive_price`,`company`,`flight_number`,`go_time`,`arrive_time`,`sprplus` FROM orders_item a,ticket b,company c WHERE ( a.t_id = b.tid and b.cid = c.id and a.o_id ="3" )  [ RunTime:0.0004s ]
NOTIC: [2] Illegal string offset 'oid' E:\phpStudy\PHPTutorial\WWW\fly\Application\Home\Controller\OrderController.class.php 第 58 行.
NOTIC: [2] Illegal string offset 'status' E:\phpStudy\PHPTutorial\WWW\fly\Application\Home\Controller\OrderController.class.php 第 58 行.
NOTIC: [2] Illegal string offset 'num' E:\phpStudy\PHPTutorial\WWW\fly\Application\Home\Controller\OrderController.class.php 第 58 行.
NOTIC: [2] Illegal string offset 'oid' E:\phpStudy\PHPTutorial\WWW\fly\Application\Home\Controller\OrderController.class.php 第 55 行.
SQL: SHOW COLUMNS FROM `orders_item` [ RunTime:0.0041s ]
SQL: SELECT `go`,`arrive`,`date`,`cheap_price`,`expensive_price`,`company`,`flight_number`,`go_time`,`arrive_time`,`sprplus` FROM orders_item a,ticket b,company c WHERE ( a.t_id = b.tid and b.cid = c.id and a.o_id ="1" )  [ RunTime:0.0004s ]
NOTIC: [2] Illegal string offset 'oid' E:\phpStudy\PHPTutorial\WWW\fly\Application\Home\Controller\OrderController.class.php 第 58 行.
NOTIC: [2] Illegal string offset 'status' E:\phpStudy\PHPTutorial\WWW\fly\Application\Home\Controller\OrderController.class.php 第 58 行.
NOTIC: [2] Illegal string offset 'num' E:\phpStudy\PHPTutorial\WWW\fly\Application\Home\Controller\OrderController.class.php 第 58 行.
NOTIC: [2] Illegal string offset 'oid' E:\phpStudy\PHPTutorial\WWW\fly\Application\Home\Controller\OrderController.class.php 第 55 行.
SQL: SHOW COLUMNS FROM `orders_item` [ RunTime:0.0046s ]
SQL: SELECT `go`,`arrive`,`date`,`cheap_price`,`expensive_price`,`company`,`flight_number`,`go_time`,`arrive_time`,`sprplus` FROM orders_item a,ticket b,company c WHERE ( a.t_id = b.tid and b.cid = c.id and a.o_id ="1" )  [ RunTime:0.0006s ]
NOTIC: [2] Illegal string offset 'oid' E:\phpStudy\PHPTutorial\WWW\fly\Application\Home\Controller\OrderController.class.php 第 58 行.
NOTIC: [2] Illegal string offset 'status' E:\phpStudy\PHPTutorial\WWW\fly\Application\Home\Controller\OrderController.class.php 第 58 行.
NOTIC: [2] Illegal string offset 'num' E:\phpStudy\PHPTutorial\WWW\fly\Application\Home\Controller\OrderController.class.php 第 58 行.
INFO: [ app_end ] --START--
INFO: Run Behavior\ShowPageTraceBehavior [ RunTime:0.001520s ]
INFO: [ app_end ] --END-- [ RunTime:0.001604s ]

[ 2019-07-14T00:24:54+08:00 ] ::1 /fly/Home/Order/search
INFO: [ app_init ] --START--
INFO: Run Behavior\BuildLiteBehavior [ RunTime:0.000013s ]
INFO: [ app_init ] --END-- [ RunTime:0.000366s ]
INFO: [ app_begin ] --START--
INFO: Run Behavior\ReadHtmlCacheBehavior [ RunTime:0.000746s ]
INFO: [ app_begin ] --END-- [ RunTime:0.000792s ]
SQL: SHOW COLUMNS FROM `orders` [ RunTime:0.0035s ]
SQL: SELECT * FROM `orders` WHERE `uid` = 1  [ RunTime:0.0002s ]
NOTIC: [2] Illegal string offset 'oid' E:\phpStudy\PHPTutorial\WWW\fly\Application\Home\Controller\OrderController.class.php 第 56 行.
SQL: SHOW COLUMNS FROM `orders_item` [ RunTime:0.0030s ]
SQL: SELECT `go`,`arrive`,`date`,`cheap_price`,`expensive_price`,`company`,`flight_number`,`go_time`,`arrive_time`,`sprplus` FROM orders_item a,ticket b,company c WHERE ( a.t_id = b.tid and b.cid = c.id and a.o_id ="3" )  [ RunTime:0.0004s ]
NOTIC: [2] Illegal string offset 'oid' E:\phpStudy\PHPTutorial\WWW\fly\Application\Home\Controller\OrderController.class.php 第 59 行.
NOTIC: [2] Illegal string offset 'status' E:\phpStudy\PHPTutorial\WWW\fly\Application\Home\Controller\OrderController.class.php 第 59 行.
NOTIC: [2] Illegal string offset 'num' E:\phpStudy\PHPTutorial\WWW\fly\Application\Home\Controller\OrderController.class.php 第 59 行.
NOTIC: [2] Illegal string offset 'oid' E:\phpStudy\PHPTutorial\WWW\fly\Application\Home\Controller\OrderController.class.php 第 56 行.
SQL: SHOW COLUMNS FROM `orders_item` [ RunTime:0.0031s ]
SQL: SELECT `go`,`arrive`,`date`,`cheap_price`,`expensive_price`,`company`,`flight_number`,`go_time`,`arrive_time`,`sprplus` FROM orders_item a,ticket b,company c WHERE ( a.t_id = b.tid and b.cid = c.id and a.o_id ="1" )  [ RunTime:0.0005s ]
NOTIC: [2] Illegal string offset 'oid' E:\phpStudy\PHPTutorial\WWW\fly\Application\Home\Controller\OrderController.class.php 第 59 行.
NOTIC: [2] Illegal string offset 'status' E:\phpStudy\PHPTutorial\WWW\fly\Application\Home\Controller\OrderController.class.php 第 59 行.
NOTIC: [2] Illegal string offset 'num' E:\phpStudy\PHPTutorial\WWW\fly\Application\Home\Controller\OrderController.class.php 第 59 行.
NOTIC: [2] Illegal string offset 'oid' E:\phpStudy\PHPTutorial\WWW\fly\Application\Home\Controller\OrderController.class.php 第 56 行.
SQL: SHOW COLUMNS FROM `orders_item` [ RunTime:0.0029s ]
SQL: SELECT `go`,`arrive`,`date`,`cheap_price`,`expensive_price`,`company`,`flight_number`,`go_time`,`arrive_time`,`sprplus` FROM orders_item a,ticket b,company c WHERE ( a.t_id = b.tid and b.cid = c.id and a.o_id ="1" )  [ RunTime:0.0003s ]
NOTIC: [2] Illegal string offset 'oid' E:\phpStudy\PHPTutorial\WWW\fly\Application\Home\Controller\OrderController.class.php 第 59 行.
NOTIC: [2] Illegal string offset 'status' E:\phpStudy\PHPTutorial\WWW\fly\Application\Home\Controller\OrderController.class.php 第 59 行.
NOTIC: [2] Illegal string offset 'num' E:\phpStudy\PHPTutorial\WWW\fly\Application\Home\Controller\OrderController.class.php 第 59 行.
INFO: [ app_end ] --START--
INFO: Run Behavior\ShowPageTraceBehavior [ RunTime:0.000906s ]
INFO: [ app_end ] --END-- [ RunTime:0.000958s ]

[ 2019-07-14T00:25:16+08:00 ] ::1 /fly/Home/Order/search
INFO: [ app_init ] --START--
INFO: Run Behavior\BuildLiteBehavior [ RunTime:0.000013s ]
INFO: [ app_init ] --END-- [ RunTime:0.000457s ]
INFO: [ app_begin ] --START--
INFO: Run Behavior\ReadHtmlCacheBehavior [ RunTime:0.000778s ]
INFO: [ app_begin ] --END-- [ RunTime:0.000847s ]
SQL: SHOW COLUMNS FROM `orders` [ RunTime:0.0039s ]
SQL: SELECT * FROM `orders` WHERE `uid` = 1  [ RunTime:0.0003s ]
NOTIC: [2] Illegal string offset 'oid' E:\phpStudy\PHPTutorial\WWW\fly\Application\Home\Controller\OrderController.class.php 第 58 行.
SQL: SHOW COLUMNS FROM `orders_item` [ RunTime:0.0029s ]
SQL: SELECT `go`,`arrive`,`date`,`cheap_price`,`expensive_price`,`company`,`flight_number`,`go_time`,`arrive_time`,`sprplus` FROM orders_item a,ticket b,company c WHERE ( a.t_id = b.tid and b.cid = c.id and a.o_id ="3" )  [ RunTime:0.0003s ]
NOTIC: [2] Illegal string offset 'oid' E:\phpStudy\PHPTutorial\WWW\fly\Application\Home\Controller\OrderController.class.php 第 61 行.
NOTIC: [2] Illegal string offset 'status' E:\phpStudy\PHPTutorial\WWW\fly\Application\Home\Controller\OrderController.class.php 第 61 行.
NOTIC: [2] Illegal string offset 'num' E:\phpStudy\PHPTutorial\WWW\fly\Application\Home\Controller\OrderController.class.php 第 61 行.
NOTIC: [2] Illegal string offset 'oid' E:\phpStudy\PHPTutorial\WWW\fly\Application\Home\Controller\OrderController.class.php 第 58 行.
SQL: SHOW COLUMNS FROM `orders_item` [ RunTime:0.0026s ]
SQL: SELECT `go`,`arrive`,`date`,`cheap_price`,`expensive_price`,`company`,`flight_number`,`go_time`,`arrive_time`,`sprplus` FROM orders_item a,ticket b,company c WHERE ( a.t_id = b.tid and b.cid = c.id and a.o_id ="1" )  [ RunTime:0.0003s ]
NOTIC: [2] Illegal string offset 'oid' E:\phpStudy\PHPTutorial\WWW\fly\Application\Home\Controller\OrderController.class.php 第 61 行.
NOTIC: [2] Illegal string offset 'status' E:\phpStudy\PHPTutorial\WWW\fly\Application\Home\Controller\OrderController.class.php 第 61 行.
NOTIC: [2] Illegal string offset 'num' E:\phpStudy\PHPTutorial\WWW\fly\Application\Home\Controller\OrderController.class.php 第 61 行.
NOTIC: [2] Illegal string offset 'oid' E:\phpStudy\PHPTutorial\WWW\fly\Application\Home\Controller\OrderController.class.php 第 58 行.
SQL: SHOW COLUMNS FROM `orders_item` [ RunTime:0.0025s ]
SQL: SELECT `go`,`arrive`,`date`,`cheap_price`,`expensive_price`,`company`,`flight_number`,`go_time`,`arrive_time`,`sprplus` FROM orders_item a,ticket b,company c WHERE ( a.t_id = b.tid and b.cid = c.id and a.o_id ="1" )  [ RunTime:0.0003s ]
NOTIC: [2] Illegal string offset 'oid' E:\phpStudy\PHPTutorial\WWW\fly\Application\Home\Controller\OrderController.class.php 第 61 行.
NOTIC: [2] Illegal string offset 'status' E:\phpStudy\PHPTutorial\WWW\fly\Application\Home\Controller\OrderController.class.php 第 61 行.
NOTIC: [2] Illegal string offset 'num' E:\phpStudy\PHPTutorial\WWW\fly\Application\Home\Controller\OrderController.class.php 第 61 行.
INFO: [ app_end ] --START--
INFO: Run Behavior\ShowPageTraceBehavior [ RunTime:0.000886s ]
INFO: [ app_end ] --END-- [ RunTime:0.000927s ]

[ 2019-07-14T00:28:31+08:00 ] ::1 /fly/Home/Order/search
INFO: [ app_init ] --START--
INFO: Run Behavior\BuildLiteBehavior [ RunTime:0.000014s ]
INFO: [ app_init ] --END-- [ RunTime:0.000358s ]
INFO: [ app_begin ] --START--
INFO: Run Behavior\ReadHtmlCacheBehavior [ RunTime:0.000642s ]
INFO: [ app_begin ] --END-- [ RunTime:0.000690s ]
SQL: SHOW COLUMNS FROM `orders` [ RunTime:0.0039s ]
SQL: SELECT * FROM `orders` WHERE `uid` = 1  [ RunTime:0.0003s ]
NOTIC: [8] Undefined index: oid E:\phpStudy\PHPTutorial\WWW\fly\Application\Home\Controller\OrderController.class.php 第 57 行.
SQL: SHOW COLUMNS FROM `orders_item` [ RunTime:0.0031s ]
SQL: SELECT `go`,`arrive`,`date`,`cheap_price`,`expensive_price`,`company`,`flight_number`,`go_time`,`arrive_time`,`sprplus` FROM orders_item a,ticket b,company c WHERE ( a.t_id = b.tid and b.cid = c.id and a.o_id ="" )  [ RunTime:0.0009s ]
NOTIC: [8] Undefined index: oid E:\phpStudy\PHPTutorial\WWW\fly\Application\Home\Controller\OrderController.class.php 第 60 行.
NOTIC: [8] Undefined index: status E:\phpStudy\PHPTutorial\WWW\fly\Application\Home\Controller\OrderController.class.php 第 60 行.
NOTIC: [8] Undefined index: num E:\phpStudy\PHPTutorial\WWW\fly\Application\Home\Controller\OrderController.class.php 第 60 行.
NOTIC: [8] Undefined index: oid E:\phpStudy\PHPTutorial\WWW\fly\Application\Home\Controller\OrderController.class.php 第 57 行.
SQL: SHOW COLUMNS FROM `orders_item` [ RunTime:0.0029s ]
SQL: SELECT `go`,`arrive`,`date`,`cheap_price`,`expensive_price`,`company`,`flight_number`,`go_time`,`arrive_time`,`sprplus` FROM orders_item a,ticket b,company c WHERE ( a.t_id = b.tid and b.cid = c.id and a.o_id ="" )  [ RunTime:0.0003s ]
NOTIC: [8] Undefined index: oid E:\phpStudy\PHPTutorial\WWW\fly\Application\Home\Controller\OrderController.class.php 第 60 行.
NOTIC: [8] Undefined index: status E:\phpStudy\PHPTutorial\WWW\fly\Application\Home\Controller\OrderController.class.php 第 60 行.
NOTIC: [8] Undefined index: num E:\phpStudy\PHPTutorial\WWW\fly\Application\Home\Controller\OrderController.class.php 第 60 行.
INFO: [ app_end ] --START--
INFO: Run Behavior\ShowPageTraceBehavior [ RunTime:0.000802s ]
INFO: [ app_end ] --END-- [ RunTime:0.000842s ]

[ 2019-07-14T00:28:43+08:00 ] ::1 /fly/Home/Order/search
INFO: [ app_init ] --START--
INFO: Run Behavior\BuildLiteBehavior [ RunTime:0.000020s ]
INFO: [ app_init ] --END-- [ RunTime:0.000787s ]
INFO: [ app_begin ] --START--
INFO: Run Behavior\ReadHtmlCacheBehavior [ RunTime:0.000760s ]
INFO: [ app_begin ] --END-- [ RunTime:0.000810s ]
SQL: SHOW COLUMNS FROM `orders` [ RunTime:0.0046s ]
SQL: SELECT * FROM `orders` WHERE `uid` = 1  [ RunTime:0.0004s ]
NOTIC: [8] Undefined index: oid E:\phpStudy\PHPTutorial\WWW\fly\Application\Home\Controller\OrderController.class.php 第 55 行.
SQL: SHOW COLUMNS FROM `orders_item` [ RunTime:0.0029s ]
SQL: SELECT `go`,`arrive`,`date`,`cheap_price`,`expensive_price`,`company`,`flight_number`,`go_time`,`arrive_time`,`sprplus` FROM orders_item a,ticket b,company c WHERE ( a.t_id = b.tid and b.cid = c.id and a.o_id ="" )  [ RunTime:0.0004s ]
NOTIC: [8] Undefined index: oid E:\phpStudy\PHPTutorial\WWW\fly\Application\Home\Controller\OrderController.class.php 第 58 行.
NOTIC: [8] Undefined index: status E:\phpStudy\PHPTutorial\WWW\fly\Application\Home\Controller\OrderController.class.php 第 58 行.
NOTIC: [8] Undefined index: num E:\phpStudy\PHPTutorial\WWW\fly\Application\Home\Controller\OrderController.class.php 第 58 行.
NOTIC: [8] Undefined index: oid E:\phpStudy\PHPTutorial\WWW\fly\Application\Home\Controller\OrderController.class.php 第 55 行.
SQL: SHOW COLUMNS FROM `orders_item` [ RunTime:0.0029s ]
SQL: SELECT `go`,`arrive`,`date`,`cheap_price`,`expensive_price`,`company`,`flight_number`,`go_time`,`arrive_time`,`sprplus` FROM orders_item a,ticket b,company c WHERE ( a.t_id = b.tid and b.cid = c.id and a.o_id ="" )  [ RunTime:0.0003s ]
NOTIC: [8] Undefined index: oid E:\phpStudy\PHPTutorial\WWW\fly\Application\Home\Controller\OrderController.class.php 第 58 行.
NOTIC: [8] Undefined index: status E:\phpStudy\PHPTutorial\WWW\fly\Application\Home\Controller\OrderController.class.php 第 58 行.
NOTIC: [8] Undefined index: num E:\phpStudy\PHPTutorial\WWW\fly\Application\Home\Controller\OrderController.class.php 第 58 行.
INFO: [ app_end ] --START--
INFO: Run Behavior\ShowPageTraceBehavior [ RunTime:0.001241s ]
INFO: [ app_end ] --END-- [ RunTime:0.001288s ]

[ 2019-07-14T00:29:57+08:00 ] ::1 /fly/Home/Order/search
INFO: [ app_init ] --START--
INFO: Run Behavior\BuildLiteBehavior [ RunTime:0.000024s ]
INFO: [ app_init ] --END-- [ RunTime:0.000580s ]
INFO: [ app_begin ] --START--
INFO: Run Behavior\ReadHtmlCacheBehavior [ RunTime:0.000944s ]
INFO: [ app_begin ] --END-- [ RunTime:0.001026s ]
SQL: SHOW COLUMNS FROM `orders` [ RunTime:0.0035s ]
SQL: SELECT * FROM `orders` WHERE `uid` = 1  [ RunTime:0.0003s ]
SQL: SHOW COLUMNS FROM `orders_item` [ RunTime:0.0035s ]
SQL: SELECT `go`,`arrive`,`date`,`cheap_price`,`expensive_price`,`company`,`flight_number`,`go_time`,`arrive_time`,`sprplus` FROM orders_item a,ticket b,company c WHERE ( a.t_id = b.tid and b.cid = c.id and a.o_id ="1" )  [ RunTime:0.0005s ]
SQL: SHOW COLUMNS FROM `orders_item` [ RunTime:0.0032s ]
SQL: SELECT `go`,`arrive`,`date`,`cheap_price`,`expensive_price`,`company`,`flight_number`,`go_time`,`arrive_time`,`sprplus` FROM orders_item a,ticket b,company c WHERE ( a.t_id = b.tid and b.cid = c.id and a.o_id ="3" )  [ RunTime:0.0003s ]
INFO: [ app_end ] --START--
INFO: Run Behavior\ShowPageTraceBehavior [ RunTime:0.003534s ]
INFO: [ app_end ] --END-- [ RunTime:0.003604s ]

[ 2019-07-14T00:30:51+08:00 ] ::1 /fly/Home/Order/search
INFO: [ app_init ] --START--
INFO: Run Behavior\BuildLiteBehavior [ RunTime:0.000014s ]
INFO: [ app_init ] --END-- [ RunTime:0.000413s ]
INFO: [ app_begin ] --START--
INFO: Run Behavior\ReadHtmlCacheBehavior [ RunTime:0.000530s ]
INFO: [ app_begin ] --END-- [ RunTime:0.000574s ]
SQL: SHOW COLUMNS FROM `orders` [ RunTime:0.0042s ]
SQL: SELECT * FROM `orders` WHERE `uid` = 1  [ RunTime:0.0003s ]
SQL: SHOW COLUMNS FROM `orders_item` [ RunTime:0.0031s ]
SQL: SELECT `go`,`arrive`,`date`,`cheap_price`,`expensive_price`,`company`,`flight_number`,`go_time`,`arrive_time`,`sprplus` FROM orders_item a,ticket b,company c WHERE ( a.t_id = b.tid and b.cid = c.id and a.o_id ="1" )  [ RunTime:0.0005s ]
SQL: SHOW COLUMNS FROM `orders_item` [ RunTime:0.0041s ]
SQL: SELECT `go`,`arrive`,`date`,`cheap_price`,`expensive_price`,`company`,`flight_number`,`go_time`,`arrive_time`,`sprplus` FROM orders_item a,ticket b,company c WHERE ( a.t_id = b.tid and b.cid = c.id and a.o_id ="3" )  [ RunTime:0.0004s ]
INFO: [ view_parse ] --START--
INFO: [ template_filter ] --START--
INFO: Run Behavior\ContentReplaceBehavior [ RunTime:0.000082s ]
INFO: [ template_filter ] --END-- [ RunTime:0.000145s ]
NOTIC: [8] Undefined index: go E:\phpStudy\PHPTutorial\WWW\fly\Application\Runtime\Cache\Home\6ae1cff69b585b0d330cb28b97c25558.php 第 80 行.
NOTIC: [8] Undefined index: arrive E:\phpStudy\PHPTutorial\WWW\fly\Application\Runtime\Cache\Home\6ae1cff69b585b0d330cb28b97c25558.php 第 81 行.
NOTIC: [8] Undefined index: date E:\phpStudy\PHPTutorial\WWW\fly\Application\Runtime\Cache\Home\6ae1cff69b585b0d330cb28b97c25558.php 第 82 行.
NOTIC: [8] Undefined index: cheap_price E:\phpStudy\PHPTutorial\WWW\fly\Application\Runtime\Cache\Home\6ae1cff69b585b0d330cb28b97c25558.php 第 83 行.
NOTIC: [8] Undefined index: expensive_price E:\phpStudy\PHPTutorial\WWW\fly\Application\Runtime\Cache\Home\6ae1cff69b585b0d330cb28b97c25558.php 第 84 行.
NOTIC: [8] Undefined index: company E:\phpStudy\PHPTutorial\WWW\fly\Application\Runtime\Cache\Home\6ae1cff69b585b0d330cb28b97c25558.php 第 85 行.
NOTIC: [8] Undefined index: flight_number E:\phpStudy\PHPTutorial\WWW\fly\Application\Runtime\Cache\Home\6ae1cff69b585b0d330cb28b97c25558.php 第 86 行.
NOTIC: [8] Undefined index: go_time E:\phpStudy\PHPTutorial\WWW\fly\Application\Runtime\Cache\Home\6ae1cff69b585b0d330cb28b97c25558.php 第 87 行.
NOTIC: [8] Undefined index: arrive_time E:\phpStudy\PHPTutorial\WWW\fly\Application\Runtime\Cache\Home\6ae1cff69b585b0d330cb28b97c25558.php 第 88 行.
NOTIC: [8] Undefined index: sprplus E:\phpStudy\PHPTutorial\WWW\fly\Application\Runtime\Cache\Home\6ae1cff69b585b0d330cb28b97c25558.php 第 89 行.
NOTIC: [8] Undefined index: go E:\phpStudy\PHPTutorial\WWW\fly\Application\Runtime\Cache\Home\6ae1cff69b585b0d330cb28b97c25558.php 第 80 行.
NOTIC: [8] Undefined index: arrive E:\phpStudy\PHPTutorial\WWW\fly\Application\Runtime\Cache\Home\6ae1cff69b585b0d330cb28b97c25558.php 第 81 行.
NOTIC: [8] Undefined index: date E:\phpStudy\PHPTutorial\WWW\fly\Application\Runtime\Cache\Home\6ae1cff69b585b0d330cb28b97c25558.php 第 82 行.
NOTIC: [8] Undefined index: cheap_price E:\phpStudy\PHPTutorial\WWW\fly\Application\Runtime\Cache\Home\6ae1cff69b585b0d330cb28b97c25558.php 第 83 行.
NOTIC: [8] Undefined index: expensive_price E:\phpStudy\PHPTutorial\WWW\fly\Application\Runtime\Cache\Home\6ae1cff69b585b0d330cb28b97c25558.php 第 84 行.
NOTIC: [8] Undefined index: company E:\phpStudy\PHPTutorial\WWW\fly\Application\Runtime\Cache\Home\6ae1cff69b585b0d330cb28b97c25558.php 第 85 行.
NOTIC: [8] Undefined index: flight_number E:\phpStudy\PHPTutorial\WWW\fly\Application\Runtime\Cache\Home\6ae1cff69b585b0d330cb28b97c25558.php 第 86 行.
NOTIC: [8] Undefined index: go_time E:\phpStudy\PHPTutorial\WWW\fly\Application\Runtime\Cache\Home\6ae1cff69b585b0d330cb28b97c25558.php 第 87 行.
NOTIC: [8] Undefined index: arrive_time E:\phpStudy\PHPTutorial\WWW\fly\Application\Runtime\Cache\Home\6ae1cff69b585b0d330cb28b97c25558.php 第 88 行.
NOTIC: [8] Undefined index: sprplus E:\phpStudy\PHPTutorial\WWW\fly\Application\Runtime\Cache\Home\6ae1cff69b585b0d330cb28b97c25558.php 第 89 行.
INFO: Run Behavior\ParseTemplateBehavior [ RunTime:0.015749s ]
INFO: [ view_parse ] --END-- [ RunTime:0.015802s ]
INFO: [ view_filter ] --START--
INFO: Run Behavior\WriteHtmlCacheBehavior [ RunTime:0.000353s ]
INFO: [ view_filter ] --END-- [ RunTime:0.000385s ]
INFO: [ app_end ] --START--
INFO: Run Behavior\ShowPageTraceBehavior [ RunTime:0.000807s ]
INFO: [ app_end ] --END-- [ RunTime:0.000877s ]

[ 2019-07-14T00:31:01+08:00 ] ::1 /fly/Home/Order/search
INFO: [ app_init ] --START--
INFO: Run Behavior\BuildLiteBehavior [ RunTime:0.000012s ]
INFO: [ app_init ] --END-- [ RunTime:0.000315s ]
INFO: [ app_begin ] --START--
INFO: Run Behavior\ReadHtmlCacheBehavior [ RunTime:0.000442s ]
INFO: [ app_begin ] --END-- [ RunTime:0.000482s ]
SQL: SHOW COLUMNS FROM `orders` [ RunTime:0.0036s ]
SQL: SELECT * FROM `orders` WHERE `uid` = 1  [ RunTime:0.0003s ]
SQL: SHOW COLUMNS FROM `orders_item` [ RunTime:0.0024s ]
SQL: SELECT `go`,`arrive`,`date`,`cheap_price`,`expensive_price`,`company`,`flight_number`,`go_time`,`arrive_time`,`sprplus` FROM orders_item a,ticket b,company c WHERE ( a.t_id = b.tid and b.cid = c.id and a.o_id ="1" )  [ RunTime:0.0003s ]
SQL: SHOW COLUMNS FROM `orders_item` [ RunTime:0.0037s ]
SQL: SELECT `go`,`arrive`,`date`,`cheap_price`,`expensive_price`,`company`,`flight_number`,`go_time`,`arrive_time`,`sprplus` FROM orders_item a,ticket b,company c WHERE ( a.t_id = b.tid and b.cid = c.id and a.o_id ="3" )  [ RunTime:0.0004s ]
INFO: [ view_parse ] --START--
INFO: [ template_filter ] --START--
INFO: Run Behavior\ContentReplaceBehavior [ RunTime:0.000078s ]
INFO: [ template_filter ] --END-- [ RunTime:0.000124s ]
NOTIC: [8] Undefined index: go E:\phpStudy\PHPTutorial\WWW\fly\Application\Runtime\Cache\Home\6ae1cff69b585b0d330cb28b97c25558.php 第 80 行.
NOTIC: [8] Undefined index: arrive E:\phpStudy\PHPTutorial\WWW\fly\Application\Runtime\Cache\Home\6ae1cff69b585b0d330cb28b97c25558.php 第 81 行.
NOTIC: [8] Undefined index: date E:\phpStudy\PHPTutorial\WWW\fly\Application\Runtime\Cache\Home\6ae1cff69b585b0d330cb28b97c25558.php 第 82 行.
NOTIC: [8] Undefined index: cheap_price E:\phpStudy\PHPTutorial\WWW\fly\Application\Runtime\Cache\Home\6ae1cff69b585b0d330cb28b97c25558.php 第 83 行.
NOTIC: [8] Undefined index: expensive_price E:\phpStudy\PHPTutorial\WWW\fly\Application\Runtime\Cache\Home\6ae1cff69b585b0d330cb28b97c25558.php 第 84 行.
NOTIC: [8] Undefined index: company E:\phpStudy\PHPTutorial\WWW\fly\Application\Runtime\Cache\Home\6ae1cff69b585b0d330cb28b97c25558.php 第 85 行.
NOTIC: [8] Undefined index: flight_number E:\phpStudy\PHPTutorial\WWW\fly\Application\Runtime\Cache\Home\6ae1cff69b585b0d330cb28b97c25558.php 第 86 行.
NOTIC: [8] Undefined index: go_time E:\phpStudy\PHPTutorial\WWW\fly\Application\Runtime\Cache\Home\6ae1cff69b585b0d330cb28b97c25558.php 第 87 行.
NOTIC: [8] Undefined index: arrive_time E:\phpStudy\PHPTutorial\WWW\fly\Application\Runtime\Cache\Home\6ae1cff69b585b0d330cb28b97c25558.php 第 88 行.
NOTIC: [8] Undefined index: sprplus E:\phpStudy\PHPTutorial\WWW\fly\Application\Runtime\Cache\Home\6ae1cff69b585b0d330cb28b97c25558.php 第 89 行.
NOTIC: [8] Undefined index: go E:\phpStudy\PHPTutorial\WWW\fly\Application\Runtime\Cache\Home\6ae1cff69b585b0d330cb28b97c25558.php 第 80 行.
NOTIC: [8] Undefined index: arrive E:\phpStudy\PHPTutorial\WWW\fly\Application\Runtime\Cache\Home\6ae1cff69b585b0d330cb28b97c25558.php 第 81 行.
NOTIC: [8] Undefined index: date E:\phpStudy\PHPTutorial\WWW\fly\Application\Runtime\Cache\Home\6ae1cff69b585b0d330cb28b97c25558.php 第 82 行.
NOTIC: [8] Undefined index: cheap_price E:\phpStudy\PHPTutorial\WWW\fly\Application\Runtime\Cache\Home\6ae1cff69b585b0d330cb28b97c25558.php 第 83 行.
NOTIC: [8] Undefined index: expensive_price E:\phpStudy\PHPTutorial\WWW\fly\Application\Runtime\Cache\Home\6ae1cff69b585b0d330cb28b97c25558.php 第 84 行.
NOTIC: [8] Undefined index: company E:\phpStudy\PHPTutorial\WWW\fly\Application\Runtime\Cache\Home\6ae1cff69b585b0d330cb28b97c25558.php 第 85 行.
NOTIC: [8] Undefined index: flight_number E:\phpStudy\PHPTutorial\WWW\fly\Application\Runtime\Cache\Home\6ae1cff69b585b0d330cb28b97c25558.php 第 86 行.
NOTIC: [8] Undefined index: go_time E:\phpStudy\PHPTutorial\WWW\fly\Application\Runtime\Cache\Home\6ae1cff69b585b0d330cb28b97c25558.php 第 87 行.
NOTIC: [8] Undefined index: arrive_time E:\phpStudy\PHPTutorial\WWW\fly\Application\Runtime\Cache\Home\6ae1cff69b585b0d330cb28b97c25558.php 第 88 行.
NOTIC: [8] Undefined index: sprplus E:\phpStudy\PHPTutorial\WWW\fly\Application\Runtime\Cache\Home\6ae1cff69b585b0d330cb28b97c25558.php 第 89 行.
INFO: Run Behavior\ParseTemplateBehavior [ RunTime:0.016546s ]
INFO: [ view_parse ] --END-- [ RunTime:0.016585s ]
INFO: [ view_filter ] --START--
INFO: Run Behavior\WriteHtmlCacheBehavior [ RunTime:0.000245s ]
INFO: [ view_filter ] --END-- [ RunTime:0.000274s ]
INFO: [ app_end ] --START--
INFO: Run Behavior\ShowPageTraceBehavior [ RunTime:0.000475s ]
INFO: [ app_end ] --END-- [ RunTime:0.000516s ]

[ 2019-07-14T00:34:59+08:00 ] ::1 /fly/Home/Order/search
INFO: [ app_init ] --START--
INFO: Run Behavior\BuildLiteBehavior [ RunTime:0.000012s ]
INFO: [ app_init ] --END-- [ RunTime:0.000344s ]
INFO: [ app_begin ] --START--
INFO: Run Behavior\ReadHtmlCacheBehavior [ RunTime:0.000722s ]
INFO: [ app_begin ] --END-- [ RunTime:0.000765s ]
SQL: SHOW COLUMNS FROM `orders` [ RunTime:0.0036s ]
SQL: SELECT * FROM `orders` WHERE `uid` = 1  [ RunTime:0.0003s ]
SQL: SHOW COLUMNS FROM `orders_item` [ RunTime:0.0024s ]
SQL: SELECT `go`,`arrive`,`date`,`cheap_price`,`expensive_price`,`company`,`flight_number`,`go_time`,`arrive_time`,`sprplus` FROM orders_item a,ticket b,company c WHERE ( a.t_id = b.tid and b.cid = c.id and a.o_id ="1" )  [ RunTime:0.0003s ]
SQL: SHOW COLUMNS FROM `orders_item` [ RunTime:0.0025s ]
SQL: SELECT `go`,`arrive`,`date`,`cheap_price`,`expensive_price`,`company`,`flight_number`,`go_time`,`arrive_time`,`sprplus` FROM orders_item a,ticket b,company c WHERE ( a.t_id = b.tid and b.cid = c.id and a.o_id ="3" )  [ RunTime:0.0009s ]
INFO: [ view_parse ] --START--
INFO: [ template_filter ] --START--
INFO: Run Behavior\ContentReplaceBehavior [ RunTime:0.000102s ]
INFO: [ template_filter ] --END-- [ RunTime:0.000162s ]
INFO: Run Behavior\ParseTemplateBehavior [ RunTime:0.013178s ]
INFO: [ view_parse ] --END-- [ RunTime:0.013246s ]
INFO: [ view_filter ] --START--
INFO: Run Behavior\WriteHtmlCacheBehavior [ RunTime:0.000873s ]
INFO: [ view_filter ] --END-- [ RunTime:0.000929s ]
INFO: [ app_end ] --START--
INFO: Run Behavior\ShowPageTraceBehavior [ RunTime:0.001591s ]
INFO: [ app_end ] --END-- [ RunTime:0.001706s ]

[ 2019-07-14T00:39:56+08:00 ] ::1 /fly/Home/Order/search
INFO: [ app_init ] --START--
INFO: Run Behavior\BuildLiteBehavior [ RunTime:0.000025s ]
INFO: [ app_init ] --END-- [ RunTime:0.000610s ]
INFO: [ app_begin ] --START--
INFO: Run Behavior\ReadHtmlCacheBehavior [ RunTime:0.000825s ]
INFO: [ app_begin ] --END-- [ RunTime:0.000882s ]
SQL: SHOW COLUMNS FROM `orders` [ RunTime:0.0052s ]
SQL: SELECT * FROM `orders` WHERE `uid` = 1  [ RunTime:0.0003s ]
SQL: SHOW COLUMNS FROM `orders_item` [ RunTime:0.0032s ]
SQL: SELECT `go`,`arrive`,`date`,`cheap_price`,`expensive_price`,`company`,`flight_number`,`go_time`,`arrive_time` FROM orders_item a,ticket b,company c WHERE ( a.t_id = b.tid and b.cid = c.id and a.o_id ="1" )  [ RunTime:0.0003s ]
SQL: SHOW COLUMNS FROM `orders_item` [ RunTime:0.0028s ]
SQL: SELECT `go`,`arrive`,`date`,`cheap_price`,`expensive_price`,`company`,`flight_number`,`go_time`,`arrive_time` FROM orders_item a,ticket b,company c WHERE ( a.t_id = b.tid and b.cid = c.id and a.o_id ="3" )  [ RunTime:0.0003s ]
INFO: [ view_parse ] --START--
INFO: [ template_filter ] --START--
INFO: Run Behavior\ContentReplaceBehavior [ RunTime:0.000122s ]
INFO: [ template_filter ] --END-- [ RunTime:0.000197s ]
INFO: Run Behavior\ParseTemplateBehavior [ RunTime:0.012882s ]
INFO: [ view_parse ] --END-- [ RunTime:0.012941s ]
INFO: [ view_filter ] --START--
INFO: Run Behavior\WriteHtmlCacheBehavior [ RunTime:0.000457s ]
INFO: [ view_filter ] --END-- [ RunTime:0.000488s ]
INFO: [ app_end ] --START--
INFO: Run Behavior\ShowPageTraceBehavior [ RunTime:0.000707s ]
INFO: [ app_end ] --END-- [ RunTime:0.000758s ]

[ 2019-07-14T00:40:56+08:00 ] ::1 /fly/index.php
INFO: [ app_init ] --START--
INFO: Run Behavior\BuildLiteBehavior [ RunTime:0.000013s ]
INFO: [ app_init ] --END-- [ RunTime:0.000386s ]
INFO: [ app_begin ] --START--
INFO: Run Behavior\ReadHtmlCacheBehavior [ RunTime:0.000729s ]
INFO: [ app_begin ] --END-- [ RunTime:0.000778s ]
SQL: select * from ticket a left join company b on a.cid=b.id [ RunTime:0.0004s ]
INFO: [ view_parse ] --START--
INFO: [ template_filter ] --START--
INFO: Run Behavior\ContentReplaceBehavior [ RunTime:0.000107s ]
INFO: [ template_filter ] --END-- [ RunTime:0.000158s ]
INFO: Run Behavior\ParseTemplateBehavior [ RunTime:0.009318s ]
INFO: [ view_parse ] --END-- [ RunTime:0.009410s ]
INFO: [ view_filter ] --START--
INFO: Run Behavior\WriteHtmlCacheBehavior [ RunTime:0.000465s ]
INFO: [ view_filter ] --END-- [ RunTime:0.000523s ]
INFO: [ app_end ] --START--
INFO: Run Behavior\ShowPageTraceBehavior [ RunTime:0.000680s ]
INFO: [ app_end ] --END-- [ RunTime:0.000716s ]

[ 2019-07-14T01:01:19+08:00 ] ::1 /fly/Home/Order/search
INFO: [ app_init ] --START--
INFO: Run Behavior\BuildLiteBehavior [ RunTime:0.000014s ]
INFO: [ app_init ] --END-- [ RunTime:0.000394s ]
INFO: [ app_begin ] --START--
INFO: Run Behavior\ReadHtmlCacheBehavior [ RunTime:0.000737s ]
INFO: [ app_begin ] --END-- [ RunTime:0.000785s ]
SQL: SHOW COLUMNS FROM `orders` [ RunTime:0.0037s ]
SQL: SELECT * FROM `orders` WHERE `uid` = 1  [ RunTime:0.0003s ]
SQL: SHOW COLUMNS FROM `orders_item` [ RunTime:0.0035s ]
SQL: SELECT `go`,`arrive`,`date`,`cheap_price`,`expensive_price`,`company`,`flight_number`,`go_time`,`arrive_time` FROM orders_item a,ticket b,company c WHERE ( a.t_id = b.tid and b.cid = c.id and a.o_id ="1" )  [ RunTime:0.0009s ]
SQL: SHOW COLUMNS FROM `orders_item` [ RunTime:0.0029s ]
SQL: SELECT `go`,`arrive`,`date`,`cheap_price`,`expensive_price`,`company`,`flight_number`,`go_time`,`arrive_time` FROM orders_item a,ticket b,company c WHERE ( a.t_id = b.tid and b.cid = c.id and a.o_id ="3" )  [ RunTime:0.0003s ]
INFO: [ view_parse ] --START--
INFO: [ template_filter ] --START--
INFO: Run Behavior\ContentReplaceBehavior [ RunTime:0.000094s ]
INFO: [ template_filter ] --END-- [ RunTime:0.000150s ]
INFO: Run Behavior\ParseTemplateBehavior [ RunTime:0.009591s ]
INFO: [ view_parse ] --END-- [ RunTime:0.009667s ]
INFO: [ view_filter ] --START--
INFO: Run Behavior\WriteHtmlCacheBehavior [ RunTime:0.004241s ]
INFO: [ view_filter ] --END-- [ RunTime:0.004308s ]
INFO: [ app_end ] --START--
INFO: Run Behavior\ShowPageTraceBehavior [ RunTime:0.001382s ]
INFO: [ app_end ] --END-- [ RunTime:0.001470s ]

[ 2019-07-14T01:12:33+08:00 ] ::1 /fly/Home/Order/search
INFO: [ app_init ] --START--
INFO: Run Behavior\BuildLiteBehavior [ RunTime:0.000013s ]
INFO: [ app_init ] --END-- [ RunTime:0.000368s ]
INFO: [ app_begin ] --START--
INFO: Run Behavior\ReadHtmlCacheBehavior [ RunTime:0.000567s ]
INFO: [ app_begin ] --END-- [ RunTime:0.000620s ]

[ 2019-07-14T01:12:45+08:00 ] ::1 /fly/Home/Order/search
INFO: [ app_init ] --START--
INFO: Run Behavior\BuildLiteBehavior [ RunTime:0.000033s ]
INFO: [ app_init ] --END-- [ RunTime:0.000790s ]
INFO: [ app_begin ] --START--
INFO: Run Behavior\ReadHtmlCacheBehavior [ RunTime:0.000775s ]
INFO: [ app_begin ] --END-- [ RunTime:0.000832s ]
SQL: SHOW COLUMNS FROM `orders` [ RunTime:0.0036s ]
SQL: SELECT * FROM `orders` WHERE `uid` = 1  [ RunTime:0.0003s ]
SQL: SHOW COLUMNS FROM `orders_item` [ RunTime:0.0032s ]
SQL: SELECT `go`,`arrive`,`date`,`cheap_price`,`expensive_price`,`company`,`flight_number`,`go_time`,`arrive_time` FROM orders_item a,ticket b,company c WHERE ( a.t_id = b.tid and b.cid = c.id and a.o_id ="1" )  [ RunTime:0.0003s ]
SQL: SHOW COLUMNS FROM `orders_item` [ RunTime:0.0025s ]
SQL: SELECT `go`,`arrive`,`date`,`cheap_price`,`expensive_price`,`company`,`flight_number`,`go_time`,`arrive_time` FROM orders_item a,ticket b,company c WHERE ( a.t_id = b.tid and b.cid = c.id and a.o_id ="3" )  [ RunTime:0.0003s ]
INFO: [ app_end ] --START--
INFO: Run Behavior\ShowPageTraceBehavior [ RunTime:0.000913s ]
INFO: [ app_end ] --END-- [ RunTime:0.000957s ]

[ 2019-07-14T01:14:51+08:00 ] ::1 /fly/Home/Order/search
INFO: [ app_init ] --START--
INFO: Run Behavior\BuildLiteBehavior [ RunTime:0.000018s ]
INFO: [ app_init ] --END-- [ RunTime:0.000610s ]
INFO: [ app_begin ] --START--
INFO: Run Behavior\ReadHtmlCacheBehavior [ RunTime:0.000646s ]
INFO: [ app_begin ] --END-- [ RunTime:0.000702s ]
SQL: SHOW COLUMNS FROM `orders` [ RunTime:0.0037s ]
SQL: SELECT * FROM `orders` WHERE `uid` = 1  [ RunTime:0.0003s ]
SQL: SHOW COLUMNS FROM `orders_item` [ RunTime:0.0029s ]
SQL: SELECT `go`,`arrive`,`date`,`cheap_price`,`expensive_price`,`company`,`flight_number`,`go_time`,`arrive_time` FROM orders_item a,ticket b,company c WHERE ( a.t_id = b.tid and b.cid = c.id and a.o_id ="1" )  [ RunTime:0.0004s ]
NOTIC: [8] Undefined index: travel E:\phpStudy\PHPTutorial\WWW\fly\Application\Home\Controller\OrderController.class.php 第 61 行.
NOTIC: [8] Undefined index: date_update E:\phpStudy\PHPTutorial\WWW\fly\Application\Home\Controller\OrderController.class.php 第 62 行.
NOTIC: [8] Undefined index: travel E:\phpStudy\PHPTutorial\WWW\fly\Application\Home\Controller\OrderController.class.php 第 61 行.
NOTIC: [8] Undefined index: date_update E:\phpStudy\PHPTutorial\WWW\fly\Application\Home\Controller\OrderController.class.php 第 62 行.
SQL: SHOW COLUMNS FROM `orders_item` [ RunTime:0.0027s ]
SQL: SELECT `go`,`arrive`,`date`,`cheap_price`,`expensive_price`,`company`,`flight_number`,`go_time`,`arrive_time` FROM orders_item a,ticket b,company c WHERE ( a.t_id = b.tid and b.cid = c.id and a.o_id ="3" )  [ RunTime:0.0003s ]
NOTIC: [8] Undefined index: travel E:\phpStudy\PHPTutorial\WWW\fly\Application\Home\Controller\OrderController.class.php 第 61 行.
NOTIC: [8] Undefined index: date_update E:\phpStudy\PHPTutorial\WWW\fly\Application\Home\Controller\OrderController.class.php 第 62 行.
INFO: [ app_end ] --START--
INFO: Run Behavior\ShowPageTraceBehavior [ RunTime:0.000644s ]
INFO: [ app_end ] --END-- [ RunTime:0.000679s ]

[ 2019-07-14T01:15:08+08:00 ] ::1 /fly/Home/Order/search
INFO: [ app_init ] --START--
INFO: Run Behavior\BuildLiteBehavior [ RunTime:0.000012s ]
INFO: [ app_init ] --END-- [ RunTime:0.000338s ]
INFO: [ app_begin ] --START--
INFO: Run Behavior\ReadHtmlCacheBehavior [ RunTime:0.000708s ]
INFO: [ app_begin ] --END-- [ RunTime:0.000750s ]
SQL: SHOW COLUMNS FROM `orders` [ RunTime:0.0031s ]
SQL: SELECT * FROM `orders` WHERE `uid` = 1  [ RunTime:0.0002s ]
SQL: SHOW COLUMNS FROM `orders_item` [ RunTime:0.0027s ]
SQL: SELECT `go`,`arrive`,`date`,`cheap_price`,`expensive_price`,`company`,`flight_number`,`go_time`,`arrive_time` FROM orders_item a,ticket b,company c WHERE ( a.t_id = b.tid and b.cid = c.id and a.o_id ="1" )  [ RunTime:0.0004s ]
NOTIC: [8] Undefined index: travel E:\phpStudy\PHPTutorial\WWW\fly\Application\Home\Controller\OrderController.class.php 第 61 行.
NOTIC: [8] Undefined index: date_update E:\phpStudy\PHPTutorial\WWW\fly\Application\Home\Controller\OrderController.class.php 第 62 行.
NOTIC: [8] Undefined index: travel E:\phpStudy\PHPTutorial\WWW\fly\Application\Home\Controller\OrderController.class.php 第 61 行.
NOTIC: [8] Undefined index: date_update E:\phpStudy\PHPTutorial\WWW\fly\Application\Home\Controller\OrderController.class.php 第 62 行.
NOTIC: [8] Undefined index: travel E:\phpStudy\PHPTutorial\WWW\fly\Application\Home\Controller\OrderController.class.php 第 65 行.
NOTIC: [8] Undefined index: date_update E:\phpStudy\PHPTutorial\WWW\fly\Application\Home\Controller\OrderController.class.php 第 65 行.
SQL: SHOW COLUMNS FROM `orders_item` [ RunTime:0.0027s ]
SQL: SELECT `go`,`arrive`,`date`,`cheap_price`,`expensive_price`,`company`,`flight_number`,`go_time`,`arrive_time` FROM orders_item a,ticket b,company c WHERE ( a.t_id = b.tid and b.cid = c.id and a.o_id ="3" )  [ RunTime:0.0003s ]
NOTIC: [8] Undefined index: travel E:\phpStudy\PHPTutorial\WWW\fly\Application\Home\Controller\OrderController.class.php 第 61 行.
NOTIC: [8] Undefined index: date_update E:\phpStudy\PHPTutorial\WWW\fly\Application\Home\Controller\OrderController.class.php 第 62 行.
NOTIC: [8] Undefined index: travel E:\phpStudy\PHPTutorial\WWW\fly\Application\Home\Controller\OrderController.class.php 第 65 行.
NOTIC: [8] Undefined index: date_update E:\phpStudy\PHPTutorial\WWW\fly\Application\Home\Controller\OrderController.class.php 第 65 行.
INFO: [ app_end ] --START--
INFO: Run Behavior\ShowPageTraceBehavior [ RunTime:0.001050s ]
INFO: [ app_end ] --END-- [ RunTime:0.001101s ]

[ 2019-07-14T01:15:36+08:00 ] ::1 /fly/Home/Order/search
INFO: [ app_init ] --START--
INFO: Run Behavior\BuildLiteBehavior [ RunTime:0.000013s ]
INFO: [ app_init ] --END-- [ RunTime:0.000341s ]
INFO: [ app_begin ] --START--
INFO: Run Behavior\ReadHtmlCacheBehavior [ RunTime:0.000714s ]
INFO: [ app_begin ] --END-- [ RunTime:0.000760s ]
SQL: SHOW COLUMNS FROM `orders` [ RunTime:0.0031s ]
SQL: SELECT * FROM `orders` WHERE `uid` = 1  [ RunTime:0.0003s ]
SQL: SHOW COLUMNS FROM `orders_item` [ RunTime:0.0026s ]
SQL: SELECT `go`,`arrive`,`date`,`cheap_price`,`expensive_price`,`company`,`flight_number`,`go_time`,`arrive_time` FROM orders_item a,ticket b,company c WHERE ( a.t_id = b.tid and b.cid = c.id and a.o_id ="1" )  [ RunTime:0.0003s ]
NOTIC: [8] Undefined index: travel E:\phpStudy\PHPTutorial\WWW\fly\Application\Home\Controller\OrderController.class.php 第 61 行.
NOTIC: [8] Undefined index: date_update E:\phpStudy\PHPTutorial\WWW\fly\Application\Home\Controller\OrderController.class.php 第 62 行.
NOTIC: [8] Undefined index: travel E:\phpStudy\PHPTutorial\WWW\fly\Application\Home\Controller\OrderController.class.php 第 61 行.
NOTIC: [8] Undefined index: date_update E:\phpStudy\PHPTutorial\WWW\fly\Application\Home\Controller\OrderController.class.php 第 62 行.
NOTIC: [8] Undefined index: travel E:\phpStudy\PHPTutorial\WWW\fly\Application\Home\Controller\OrderController.class.php 第 65 行.
NOTIC: [8] Undefined index: date_update E:\phpStudy\PHPTutorial\WWW\fly\Application\Home\Controller\OrderController.class.php 第 65 行.
SQL: SHOW COLUMNS FROM `orders_item` [ RunTime:0.0031s ]
SQL: SELECT `go`,`arrive`,`date`,`cheap_price`,`expensive_price`,`company`,`flight_number`,`go_time`,`arrive_time` FROM orders_item a,ticket b,company c WHERE ( a.t_id = b.tid and b.cid = c.id and a.o_id ="3" )  [ RunTime:0.0004s ]
NOTIC: [8] Undefined index: travel E:\phpStudy\PHPTutorial\WWW\fly\Application\Home\Controller\OrderController.class.php 第 61 行.
NOTIC: [8] Undefined index: date_update E:\phpStudy\PHPTutorial\WWW\fly\Application\Home\Controller\OrderController.class.php 第 62 行.
NOTIC: [8] Undefined index: travel E:\phpStudy\PHPTutorial\WWW\fly\Application\Home\Controller\OrderController.class.php 第 65 行.
NOTIC: [8] Undefined index: date_update E:\phpStudy\PHPTutorial\WWW\fly\Application\Home\Controller\OrderController.class.php 第 65 行.
INFO: [ app_end ] --START--
INFO: Run Behavior\ShowPageTraceBehavior [ RunTime:0.000877s ]
INFO: [ app_end ] --END-- [ RunTime:0.000913s ]

[ 2019-07-14T01:15:44+08:00 ] ::1 /fly/Home/Order/search
INFO: [ app_init ] --START--
INFO: Run Behavior\BuildLiteBehavior [ RunTime:0.000013s ]
INFO: [ app_init ] --END-- [ RunTime:0.000378s ]
INFO: [ app_begin ] --START--
INFO: Run Behavior\ReadHtmlCacheBehavior [ RunTime:0.000654s ]
INFO: [ app_begin ] --END-- [ RunTime:0.000697s ]
SQL: SHOW COLUMNS FROM `orders` [ RunTime:0.0037s ]
SQL: SELECT * FROM `orders` WHERE `uid` = 1  [ RunTime:0.0004s ]
SQL: SHOW COLUMNS FROM `orders_item` [ RunTime:0.0028s ]
SQL: SELECT `go`,`arrive`,`date`,`cheap_price`,`expensive_price`,`company`,`flight_number`,`go_time`,`arrive_time` FROM orders_item a,ticket b,company c WHERE ( a.t_id = b.tid and b.cid = c.id and a.o_id ="1" )  [ RunTime:0.0003s ]
NOTIC: [8] Undefined index: travel E:\phpStudy\PHPTutorial\WWW\fly\Application\Home\Controller\OrderController.class.php 第 61 行.
NOTIC: [8] Undefined index: date_update E:\phpStudy\PHPTutorial\WWW\fly\Application\Home\Controller\OrderController.class.php 第 62 行.
NOTIC: [8] Undefined index: travel E:\phpStudy\PHPTutorial\WWW\fly\Application\Home\Controller\OrderController.class.php 第 61 行.
NOTIC: [8] Undefined index: date_update E:\phpStudy\PHPTutorial\WWW\fly\Application\Home\Controller\OrderController.class.php 第 62 行.
NOTIC: [8] Undefined index: travel E:\phpStudy\PHPTutorial\WWW\fly\Application\Home\Controller\OrderController.class.php 第 66 行.
NOTIC: [8] Undefined index: date_update E:\phpStudy\PHPTutorial\WWW\fly\Application\Home\Controller\OrderController.class.php 第 66 行.
SQL: SHOW COLUMNS FROM `orders_item` [ RunTime:0.0031s ]
SQL: SELECT `go`,`arrive`,`date`,`cheap_price`,`expensive_price`,`company`,`flight_number`,`go_time`,`arrive_time` FROM orders_item a,ticket b,company c WHERE ( a.t_id = b.tid and b.cid = c.id and a.o_id ="3" )  [ RunTime:0.0003s ]
NOTIC: [8] Undefined index: travel E:\phpStudy\PHPTutorial\WWW\fly\Application\Home\Controller\OrderController.class.php 第 61 行.
NOTIC: [8] Undefined index: date_update E:\phpStudy\PHPTutorial\WWW\fly\Application\Home\Controller\OrderController.class.php 第 62 行.
NOTIC: [8] Undefined index: travel E:\phpStudy\PHPTutorial\WWW\fly\Application\Home\Controller\OrderController.class.php 第 66 行.
NOTIC: [8] Undefined index: date_update E:\phpStudy\PHPTutorial\WWW\fly\Application\Home\Controller\OrderController.class.php 第 66 行.
INFO: [ app_end ] --START--
INFO: Run Behavior\ShowPageTraceBehavior [ RunTime:0.002128s ]
INFO: [ app_end ] --END-- [ RunTime:0.002180s ]

[ 2019-07-14T01:19:18+08:00 ] ::1 /fly/Home/Order/search
INFO: [ app_init ] --START--
INFO: Run Behavior\BuildLiteBehavior [ RunTime:0.000012s ]
INFO: [ app_init ] --END-- [ RunTime:0.000332s ]
INFO: [ app_begin ] --START--
INFO: Run Behavior\ReadHtmlCacheBehavior [ RunTime:0.000785s ]
INFO: [ app_begin ] --END-- [ RunTime:0.000836s ]
SQL: SHOW COLUMNS FROM `orders` [ RunTime:0.0031s ]
SQL: SELECT * FROM `orders` WHERE `uid` = 1  [ RunTime:0.0002s ]
SQL: SHOW COLUMNS FROM `orders_item` [ RunTime:0.0024s ]
SQL: SELECT `go`,`arrive`,`date`,`cheap_price`,`expensive_price`,`company`,`flight_number`,`go_time`,`arrive_time` FROM orders_item a,ticket b,company c WHERE ( a.t_id = b.tid and b.cid = c.id and a.o_id ="1" )  [ RunTime:0.0003s ]
NOTIC: [8] Undefined index: travel E:\phpStudy\PHPTutorial\WWW\fly\Application\Home\Controller\OrderController.class.php 第 69 行.
NOTIC: [8] Undefined index: date_update E:\phpStudy\PHPTutorial\WWW\fly\Application\Home\Controller\OrderController.class.php 第 69 行.
SQL: SHOW COLUMNS FROM `orders_item` [ RunTime:0.0028s ]
SQL: SELECT `go`,`arrive`,`date`,`cheap_price`,`expensive_price`,`company`,`flight_number`,`go_time`,`arrive_time` FROM orders_item a,ticket b,company c WHERE ( a.t_id = b.tid and b.cid = c.id and a.o_id ="3" )  [ RunTime:0.0003s ]
NOTIC: [8] Undefined index: travel E:\phpStudy\PHPTutorial\WWW\fly\Application\Home\Controller\OrderController.class.php 第 69 行.
NOTIC: [8] Undefined index: date_update E:\phpStudy\PHPTutorial\WWW\fly\Application\Home\Controller\OrderController.class.php 第 69 行.
INFO: [ app_end ] --START--
INFO: Run Behavior\ShowPageTraceBehavior [ RunTime:0.000784s ]
INFO: [ app_end ] --END-- [ RunTime:0.000830s ]

[ 2019-07-14T01:19:32+08:00 ] ::1 /fly/Home/Order/search
INFO: [ app_init ] --START--
INFO: Run Behavior\BuildLiteBehavior [ RunTime:0.000013s ]
INFO: [ app_init ] --END-- [ RunTime:0.000343s ]
INFO: [ app_begin ] --START--
INFO: Run Behavior\ReadHtmlCacheBehavior [ RunTime:0.000659s ]
INFO: [ app_begin ] --END-- [ RunTime:0.000703s ]
SQL: SHOW COLUMNS FROM `orders` [ RunTime:0.0030s ]
SQL: SELECT * FROM `orders` WHERE `uid` = 1  [ RunTime:0.0003s ]
SQL: SHOW COLUMNS FROM `orders_item` [ RunTime:0.0029s ]
SQL: SELECT `go`,`arrive`,`date`,`cheap_price`,`expensive_price`,`company`,`flight_number`,`go_time`,`arrive_time` FROM orders_item a,ticket b,company c WHERE ( a.t_id = b.tid and b.cid = c.id and a.o_id ="1" )  [ RunTime:0.0003s ]
NOTIC: [8] Undefined index: travel E:\phpStudy\PHPTutorial\WWW\fly\Application\Home\Controller\OrderController.class.php 第 69 行.
NOTIC: [8] Undefined index: date_update E:\phpStudy\PHPTutorial\WWW\fly\Application\Home\Controller\OrderController.class.php 第 69 行.
SQL: SHOW COLUMNS FROM `orders_item` [ RunTime:0.0029s ]
SQL: SELECT `go`,`arrive`,`date`,`cheap_price`,`expensive_price`,`company`,`flight_number`,`go_time`,`arrive_time` FROM orders_item a,ticket b,company c WHERE ( a.t_id = b.tid and b.cid = c.id and a.o_id ="3" )  [ RunTime:0.0003s ]
NOTIC: [8] Undefined index: travel E:\phpStudy\PHPTutorial\WWW\fly\Application\Home\Controller\OrderController.class.php 第 69 行.
NOTIC: [8] Undefined index: date_update E:\phpStudy\PHPTutorial\WWW\fly\Application\Home\Controller\OrderController.class.php 第 69 行.
INFO: [ app_end ] --START--
INFO: Run Behavior\ShowPageTraceBehavior [ RunTime:0.006384s ]
INFO: [ app_end ] --END-- [ RunTime:0.006439s ]

[ 2019-07-14T01:20:19+08:00 ] ::1 /fly/Home/Order/search
INFO: [ app_init ] --START--
INFO: Run Behavior\BuildLiteBehavior [ RunTime:0.000014s ]
INFO: [ app_init ] --END-- [ RunTime:0.000350s ]
INFO: [ app_begin ] --START--
INFO: Run Behavior\ReadHtmlCacheBehavior [ RunTime:0.000601s ]
INFO: [ app_begin ] --END-- [ RunTime:0.000644s ]
SQL: SHOW COLUMNS FROM `orders` [ RunTime:0.0043s ]
SQL: SELECT * FROM `orders` WHERE `uid` = 1  [ RunTime:0.0005s ]
SQL: SHOW COLUMNS FROM `orders_item` [ RunTime:0.0031s ]
SQL: SELECT `go`,`arrive`,`date`,`cheap_price`,`expensive_price`,`company`,`flight_number`,`go_time`,`arrive_time` FROM orders_item a,ticket b,company c WHERE ( a.t_id = b.tid and b.cid = c.id and a.o_id ="1" )  [ RunTime:0.0005s ]
NOTIC: [8] Undefined index: travel E:\phpStudy\PHPTutorial\WWW\fly\Application\Home\Controller\OrderController.class.php 第 65 行.
NOTIC: [8] Undefined index: travel E:\phpStudy\PHPTutorial\WWW\fly\Application\Home\Controller\OrderController.class.php 第 65 行.
NOTIC: [8] Undefined index: travel E:\phpStudy\PHPTutorial\WWW\fly\Application\Home\Controller\OrderController.class.php 第 71 行.
NOTIC: [8] Undefined index: date_update E:\phpStudy\PHPTutorial\WWW\fly\Application\Home\Controller\OrderController.class.php 第 71 行.
SQL: SHOW COLUMNS FROM `orders_item` [ RunTime:0.0043s ]
SQL: SELECT `go`,`arrive`,`date`,`cheap_price`,`expensive_price`,`company`,`flight_number`,`go_time`,`arrive_time` FROM orders_item a,ticket b,company c WHERE ( a.t_id = b.tid and b.cid = c.id and a.o_id ="3" )  [ RunTime:0.0003s ]
NOTIC: [8] Undefined index: travel E:\phpStudy\PHPTutorial\WWW\fly\Application\Home\Controller\OrderController.class.php 第 65 行.
NOTIC: [8] Undefined index: travel E:\phpStudy\PHPTutorial\WWW\fly\Application\Home\Controller\OrderController.class.php 第 71 行.
NOTIC: [8] Undefined index: date_update E:\phpStudy\PHPTutorial\WWW\fly\Application\Home\Controller\OrderController.class.php 第 71 行.
INFO: [ app_end ] --START--
INFO: Run Behavior\ShowPageTraceBehavior [ RunTime:0.001529s ]
INFO: [ app_end ] --END-- [ RunTime:0.001566s ]

[ 2019-07-14T01:21:24+08:00 ] ::1 /fly/Home/Order/search
INFO: [ app_init ] --START--
INFO: Run Behavior\BuildLiteBehavior [ RunTime:0.000012s ]
INFO: [ app_init ] --END-- [ RunTime:0.000363s ]
INFO: [ app_begin ] --START--
INFO: Run Behavior\ReadHtmlCacheBehavior [ RunTime:0.000603s ]
INFO: [ app_begin ] --END-- [ RunTime:0.000664s ]
SQL: SHOW COLUMNS FROM `orders` [ RunTime:0.0034s ]
SQL: SELECT * FROM `orders` WHERE `uid` = 1  [ RunTime:0.0002s ]
SQL: SHOW COLUMNS FROM `orders_item` [ RunTime:0.0029s ]
SQL: SELECT `go`,`arrive`,`date`,`cheap_price`,`expensive_price`,`company`,`flight_number`,`go_time`,`arrive_time` FROM orders_item a,ticket b,company c WHERE ( a.t_id = b.tid and b.cid = c.id and a.o_id ="1" )  [ RunTime:0.0003s ]
NOTIC: [8] Undefined index: travel E:\phpStudy\PHPTutorial\WWW\fly\Application\Home\Controller\OrderController.class.php 第 65 行.
NOTIC: [8] Undefined index: travel E:\phpStudy\PHPTutorial\WWW\fly\Application\Home\Controller\OrderController.class.php 第 65 行.
NOTIC: [8] Undefined index: travel E:\phpStudy\PHPTutorial\WWW\fly\Application\Home\Controller\OrderController.class.php 第 71 行.
NOTIC: [8] Undefined index: date_update E:\phpStudy\PHPTutorial\WWW\fly\Application\Home\Controller\OrderController.class.php 第 71 行.
SQL: SHOW COLUMNS FROM `orders_item` [ RunTime:0.0032s ]
SQL: SELECT `go`,`arrive`,`date`,`cheap_price`,`expensive_price`,`company`,`flight_number`,`go_time`,`arrive_time` FROM orders_item a,ticket b,company c WHERE ( a.t_id = b.tid and b.cid = c.id and a.o_id ="3" )  [ RunTime:0.0003s ]
NOTIC: [8] Undefined index: travel E:\phpStudy\PHPTutorial\WWW\fly\Application\Home\Controller\OrderController.class.php 第 65 行.
NOTIC: [8] Undefined index: travel E:\phpStudy\PHPTutorial\WWW\fly\Application\Home\Controller\OrderController.class.php 第 71 行.
NOTIC: [8] Undefined index: date_update E:\phpStudy\PHPTutorial\WWW\fly\Application\Home\Controller\OrderController.class.php 第 71 行.
INFO: [ app_end ] --START--
INFO: Run Behavior\ShowPageTraceBehavior [ RunTime:0.000745s ]
INFO: [ app_end ] --END-- [ RunTime:0.000782s ]

[ 2019-07-14T01:22:38+08:00 ] ::1 /fly/Home/Order/search
INFO: [ app_init ] --START--
INFO: Run Behavior\BuildLiteBehavior [ RunTime:0.000013s ]
INFO: [ app_init ] --END-- [ RunTime:0.000343s ]
INFO: [ app_begin ] --START--
INFO: Run Behavior\ReadHtmlCacheBehavior [ RunTime:0.001017s ]
INFO: [ app_begin ] --END-- [ RunTime:0.001075s ]
SQL: SHOW COLUMNS FROM `orders` [ RunTime:0.0035s ]
SQL: SELECT * FROM `orders` WHERE `uid` = 1  [ RunTime:0.0005s ]
SQL: SHOW COLUMNS FROM `orders_item` [ RunTime:0.0028s ]
SQL: SELECT `go`,`arrive`,`date`,`cheap_price`,`expensive_price`,`company`,`flight_number`,`go_time`,`arrive_time` FROM orders_item a,ticket b,company c WHERE ( a.t_id = b.tid and b.cid = c.id and a.o_id ="1" )  [ RunTime:0.0003s ]
SQL: SHOW COLUMNS FROM `orders_item` [ RunTime:0.0026s ]
SQL: SELECT `go`,`arrive`,`date`,`cheap_price`,`expensive_price`,`company`,`flight_number`,`go_time`,`arrive_time` FROM orders_item a,ticket b,company c WHERE ( a.t_id = b.tid and b.cid = c.id and a.o_id ="3" )  [ RunTime:0.0003s ]
INFO: [ app_end ] --START--
INFO: Run Behavior\ShowPageTraceBehavior [ RunTime:0.000851s ]
INFO: [ app_end ] --END-- [ RunTime:0.000897s ]

[ 2019-07-14T01:22:52+08:00 ] ::1 /fly/Home/Order/search
INFO: [ app_init ] --START--
INFO: Run Behavior\BuildLiteBehavior [ RunTime:0.000012s ]
INFO: [ app_init ] --END-- [ RunTime:0.000336s ]
INFO: [ app_begin ] --START--
INFO: Run Behavior\ReadHtmlCacheBehavior [ RunTime:0.000617s ]
INFO: [ app_begin ] --END-- [ RunTime:0.000660s ]
SQL: SHOW COLUMNS FROM `orders` [ RunTime:0.0038s ]
SQL: SELECT * FROM `orders` WHERE `uid` = 1  [ RunTime:0.0003s ]
SQL: SHOW COLUMNS FROM `orders_item` [ RunTime:0.0030s ]
SQL: SELECT `go`,`arrive`,`date`,`cheap_price`,`expensive_price`,`company`,`flight_number`,`go_time`,`arrive_time` FROM orders_item a,ticket b,company c WHERE ( a.t_id = b.tid and b.cid = c.id and a.o_id ="1" )  [ RunTime:0.0003s ]
SQL: SHOW COLUMNS FROM `orders_item` [ RunTime:0.0028s ]
SQL: SELECT `go`,`arrive`,`date`,`cheap_price`,`expensive_price`,`company`,`flight_number`,`go_time`,`arrive_time` FROM orders_item a,ticket b,company c WHERE ( a.t_id = b.tid and b.cid = c.id and a.o_id ="3" )  [ RunTime:0.0003s ]
INFO: [ app_end ] --START--
INFO: Run Behavior\ShowPageTraceBehavior [ RunTime:0.000712s ]
INFO: [ app_end ] --END-- [ RunTime:0.000765s ]

[ 2019-07-14T01:25:29+08:00 ] ::1 /fly/Home/Order/search
INFO: [ app_init ] --START--
INFO: Run Behavior\BuildLiteBehavior [ RunTime:0.000025s ]
INFO: [ app_init ] --END-- [ RunTime:0.000371s ]
INFO: [ app_begin ] --START--
INFO: Run Behavior\ReadHtmlCacheBehavior [ RunTime:0.000614s ]
INFO: [ app_begin ] --END-- [ RunTime:0.000659s ]
SQL: SHOW COLUMNS FROM `orders` [ RunTime:0.0059s ]
SQL: SELECT * FROM `orders` WHERE `uid` = 1  [ RunTime:0.0004s ]
SQL: SHOW COLUMNS FROM `orders_item` [ RunTime:0.0049s ]
SQL: SELECT `go`,`arrive`,`date`,`cheap_price`,`expensive_price`,`company`,`flight_number`,`go_time`,`arrive_time` FROM orders_item a,ticket b,company c WHERE ( a.t_id = b.tid and b.cid = c.id and a.o_id ="1" )  [ RunTime:0.0012s ]
SQL: SHOW COLUMNS FROM `orders_item` [ RunTime:0.0039s ]
SQL: SELECT `go`,`arrive`,`date`,`cheap_price`,`expensive_price`,`company`,`flight_number`,`go_time`,`arrive_time` FROM orders_item a,ticket b,company c WHERE ( a.t_id = b.tid and b.cid = c.id and a.o_id ="3" )  [ RunTime:0.0003s ]
INFO: [ app_end ] --START--
INFO: Run Behavior\ShowPageTraceBehavior [ RunTime:0.000985s ]
INFO: [ app_end ] --END-- [ RunTime:0.001034s ]

[ 2019-07-14T01:27:24+08:00 ] ::1 /fly/Home/Order/search
INFO: [ app_init ] --START--
INFO: Run Behavior\BuildLiteBehavior [ RunTime:0.000022s ]
INFO: [ app_init ] --END-- [ RunTime:0.000820s ]
INFO: [ app_begin ] --START--
INFO: Run Behavior\ReadHtmlCacheBehavior [ RunTime:0.000598s ]
INFO: [ app_begin ] --END-- [ RunTime:0.000647s ]
SQL: SHOW COLUMNS FROM `orders` [ RunTime:0.0040s ]
SQL: SELECT * FROM `orders` WHERE `uid` = 1  [ RunTime:0.0003s ]
SQL: SHOW COLUMNS FROM `orders_item` [ RunTime:0.0027s ]
SQL: SELECT `go`,`arrive`,`date`,`cheap_price`,`expensive_price`,`company`,`flight_number`,`go_time`,`arrive_time` FROM orders_item a,ticket b,company c WHERE ( a.t_id = b.tid and b.cid = c.id and a.o_id ="1" )  [ RunTime:0.0003s ]
SQL: SHOW COLUMNS FROM `orders_item` [ RunTime:0.0030s ]
SQL: SELECT `go`,`arrive`,`date`,`cheap_price`,`expensive_price`,`company`,`flight_number`,`go_time`,`arrive_time` FROM orders_item a,ticket b,company c WHERE ( a.t_id = b.tid and b.cid = c.id and a.o_id ="3" )  [ RunTime:0.0004s ]
INFO: [ app_end ] --START--
INFO: Run Behavior\ShowPageTraceBehavior [ RunTime:0.001331s ]
INFO: [ app_end ] --END-- [ RunTime:0.001428s ]

[ 2019-07-14T01:27:36+08:00 ] ::1 /fly/Home/Order/search
INFO: [ app_init ] --START--
INFO: Run Behavior\BuildLiteBehavior [ RunTime:0.000012s ]
INFO: [ app_init ] --END-- [ RunTime:0.000335s ]
INFO: [ app_begin ] --START--
INFO: Run Behavior\ReadHtmlCacheBehavior [ RunTime:0.000646s ]
INFO: [ app_begin ] --END-- [ RunTime:0.000686s ]
SQL: SHOW COLUMNS FROM `orders` [ RunTime:0.0033s ]
SQL: SELECT * FROM `orders` WHERE `uid` = 1  [ RunTime:0.0003s ]
SQL: SHOW COLUMNS FROM `orders_item` [ RunTime:0.0030s ]
SQL: SELECT `go`,`arrive`,`date`,`cheap_price`,`expensive_price`,`company`,`flight_number`,`go_time`,`arrive_time` FROM orders_item a,ticket b,company c WHERE ( a.t_id = b.tid and b.cid = c.id and a.o_id ="1" )  [ RunTime:0.0003s ]
SQL: SHOW COLUMNS FROM `orders_item` [ RunTime:0.0028s ]
SQL: SELECT `go`,`arrive`,`date`,`cheap_price`,`expensive_price`,`company`,`flight_number`,`go_time`,`arrive_time` FROM orders_item a,ticket b,company c WHERE ( a.t_id = b.tid and b.cid = c.id and a.o_id ="3" )  [ RunTime:0.0003s ]
INFO: [ view_parse ] --START--
INFO: [ template_filter ] --START--
INFO: Run Behavior\ContentReplaceBehavior [ RunTime:0.000064s ]
INFO: [ template_filter ] --END-- [ RunTime:0.000107s ]
INFO: Run Behavior\ParseTemplateBehavior [ RunTime:0.007644s ]
INFO: [ view_parse ] --END-- [ RunTime:0.007692s ]
INFO: [ view_filter ] --START--
INFO: Run Behavior\WriteHtmlCacheBehavior [ RunTime:0.000377s ]
INFO: [ view_filter ] --END-- [ RunTime:0.000411s ]
INFO: [ app_end ] --START--
INFO: Run Behavior\ShowPageTraceBehavior [ RunTime:0.000566s ]
INFO: [ app_end ] --END-- [ RunTime:0.000599s ]

[ 2019-07-14T01:28:41+08:00 ] ::1 /fly/Home/Order/search
INFO: [ app_init ] --START--
INFO: Run Behavior\BuildLiteBehavior [ RunTime:0.000015s ]
INFO: [ app_init ] --END-- [ RunTime:0.000397s ]
INFO: [ app_begin ] --START--
INFO: Run Behavior\ReadHtmlCacheBehavior [ RunTime:0.001125s ]
INFO: [ app_begin ] --END-- [ RunTime:0.001202s ]
SQL: SHOW COLUMNS FROM `orders` [ RunTime:0.0033s ]
SQL: SELECT * FROM `orders` WHERE `uid` = 1  [ RunTime:0.0002s ]
SQL: SHOW COLUMNS FROM `orders_item` [ RunTime:0.0026s ]
SQL: SELECT `go`,`arrive`,`date`,`cheap_price`,`expensive_price`,`company`,`flight_number`,`go_time`,`arrive_time` FROM orders_item a,ticket b,company c WHERE ( a.t_id = b.tid and b.cid = c.id and a.o_id ="1" )  [ RunTime:0.0003s ]
SQL: SHOW COLUMNS FROM `orders_item` [ RunTime:0.0026s ]
SQL: SELECT `go`,`arrive`,`date`,`cheap_price`,`expensive_price`,`company`,`flight_number`,`go_time`,`arrive_time` FROM orders_item a,ticket b,company c WHERE ( a.t_id = b.tid and b.cid = c.id and a.o_id ="3" )  [ RunTime:0.0003s ]
INFO: [ view_parse ] --START--
INFO: [ template_filter ] --START--
INFO: Run Behavior\ContentReplaceBehavior [ RunTime:0.000063s ]
INFO: [ template_filter ] --END-- [ RunTime:0.000108s ]
INFO: Run Behavior\ParseTemplateBehavior [ RunTime:0.025752s ]
INFO: [ view_parse ] --END-- [ RunTime:0.025831s ]
INFO: [ view_filter ] --START--
INFO: Run Behavior\WriteHtmlCacheBehavior [ RunTime:0.000669s ]
INFO: [ view_filter ] --END-- [ RunTime:0.000712s ]
INFO: [ app_end ] --START--
INFO: Run Behavior\ShowPageTraceBehavior [ RunTime:0.000813s ]
INFO: [ app_end ] --END-- [ RunTime:0.000864s ]

[ 2019-07-14T01:30:12+08:00 ] ::1 /fly/Home/Order/search
INFO: [ app_init ] --START--
INFO: Run Behavior\BuildLiteBehavior [ RunTime:0.000014s ]
INFO: [ app_init ] --END-- [ RunTime:0.000376s ]
INFO: [ app_begin ] --START--
INFO: Run Behavior\ReadHtmlCacheBehavior [ RunTime:0.000804s ]
INFO: [ app_begin ] --END-- [ RunTime:0.000887s ]
SQL: SHOW COLUMNS FROM `orders` [ RunTime:0.0036s ]
SQL: SELECT * FROM `orders` WHERE `uid` = 1  [ RunTime:0.0002s ]
SQL: SHOW COLUMNS FROM `orders_item` [ RunTime:0.0030s ]
SQL: SELECT `go`,`arrive`,`date`,`cheap_price`,`expensive_price`,`company`,`flight_number`,`go_time`,`arrive_time` FROM orders_item a,ticket b,company c WHERE ( a.t_id = b.tid and b.cid = c.id and a.o_id ="1" )  [ RunTime:0.0003s ]
SQL: SHOW COLUMNS FROM `orders_item` [ RunTime:0.0030s ]
SQL: SELECT `go`,`arrive`,`date`,`cheap_price`,`expensive_price`,`company`,`flight_number`,`go_time`,`arrive_time` FROM orders_item a,ticket b,company c WHERE ( a.t_id = b.tid and b.cid = c.id and a.o_id ="3" )  [ RunTime:0.0003s ]
INFO: [ app_end ] --START--
INFO: Run Behavior\ShowPageTraceBehavior [ RunTime:0.000921s ]
INFO: [ app_end ] --END-- [ RunTime:0.000963s ]

[ 2019-07-14T01:31:27+08:00 ] ::1 /fly/Home/Order/search
INFO: [ app_init ] --START--
INFO: Run Behavior\BuildLiteBehavior [ RunTime:0.000014s ]
INFO: [ app_init ] --END-- [ RunTime:0.000371s ]
INFO: [ app_begin ] --START--
INFO: Run Behavior\ReadHtmlCacheBehavior [ RunTime:0.000708s ]
INFO: [ app_begin ] --END-- [ RunTime:0.000752s ]
SQL: SHOW COLUMNS FROM `orders` [ RunTime:0.0037s ]
SQL: SELECT * FROM `orders` WHERE `uid` = 1  [ RunTime:0.0003s ]
SQL: SHOW COLUMNS FROM `orders_item` [ RunTime:0.0025s ]
SQL: SELECT `go`,`arrive`,`date`,`cheap_price`,`expensive_price`,`company`,`flight_number`,`go_time`,`arrive_time` FROM orders_item a,ticket b,company c WHERE ( a.t_id = b.tid and b.cid = c.id and a.o_id ="1" )  [ RunTime:0.0003s ]
SQL: SHOW COLUMNS FROM `orders_item` [ RunTime:0.0027s ]
SQL: SELECT `go`,`arrive`,`date`,`cheap_price`,`expensive_price`,`company`,`flight_number`,`go_time`,`arrive_time` FROM orders_item a,ticket b,company c WHERE ( a.t_id = b.tid and b.cid = c.id and a.o_id ="3" )  [ RunTime:0.0003s ]
INFO: [ app_end ] --START--
INFO: Run Behavior\ShowPageTraceBehavior [ RunTime:0.000844s ]
INFO: [ app_end ] --END-- [ RunTime:0.000883s ]

[ 2019-07-14T01:31:46+08:00 ] ::1 /fly/Home/Order/search
INFO: [ app_init ] --START--
INFO: Run Behavior\BuildLiteBehavior [ RunTime:0.000013s ]
INFO: [ app_init ] --END-- [ RunTime:0.000376s ]
INFO: [ app_begin ] --START--
INFO: Run Behavior\ReadHtmlCacheBehavior [ RunTime:0.000771s ]
INFO: [ app_begin ] --END-- [ RunTime:0.000818s ]
SQL: SHOW COLUMNS FROM `orders` [ RunTime:0.0037s ]
SQL: SELECT * FROM `orders` WHERE `uid` = 1  [ RunTime:0.0003s ]
SQL: SHOW COLUMNS FROM `orders_item` [ RunTime:0.0029s ]
SQL: SELECT `go`,`arrive`,`date`,`cheap_price`,`expensive_price`,`company`,`flight_number`,`go_time`,`arrive_time` FROM orders_item a,ticket b,company c WHERE ( a.t_id = b.tid and b.cid = c.id and a.o_id ="1" )  [ RunTime:0.0003s ]
SQL: SHOW COLUMNS FROM `orders_item` [ RunTime:0.0027s ]
SQL: SELECT `go`,`arrive`,`date`,`cheap_price`,`expensive_price`,`company`,`flight_number`,`go_time`,`arrive_time` FROM orders_item a,ticket b,company c WHERE ( a.t_id = b.tid and b.cid = c.id and a.o_id ="3" )  [ RunTime:0.0003s ]
INFO: [ view_parse ] --START--
INFO: [ template_filter ] --START--
INFO: Run Behavior\ContentReplaceBehavior [ RunTime:0.000064s ]
INFO: [ template_filter ] --END-- [ RunTime:0.000108s ]
INFO: Run Behavior\ParseTemplateBehavior [ RunTime:0.022874s ]
INFO: [ view_parse ] --END-- [ RunTime:0.022921s ]
INFO: [ view_filter ] --START--
INFO: Run Behavior\WriteHtmlCacheBehavior [ RunTime:0.000497s ]
INFO: [ view_filter ] --END-- [ RunTime:0.000527s ]
INFO: [ app_end ] --START--
INFO: Run Behavior\ShowPageTraceBehavior [ RunTime:0.001276s ]
INFO: [ app_end ] --END-- [ RunTime:0.001361s ]

[ 2019-07-14T01:34:01+08:00 ] ::1 /fly/Home/Order/search
INFO: [ app_init ] --START--
INFO: Run Behavior\BuildLiteBehavior [ RunTime:0.000014s ]
INFO: [ app_init ] --END-- [ RunTime:0.000390s ]
INFO: [ app_begin ] --START--
INFO: Run Behavior\ReadHtmlCacheBehavior [ RunTime:0.000759s ]
INFO: [ app_begin ] --END-- [ RunTime:0.000802s ]
SQL: SHOW COLUMNS FROM `orders` [ RunTime:0.0104s ]
SQL: SELECT * FROM `orders` WHERE `uid` = 1  [ RunTime:0.0005s ]
SQL: SHOW COLUMNS FROM `orders_item` [ RunTime:0.0038s ]
ERR: 1054:Unknown column '' in 'field list'
 [ SQL语句 ] : SELECT `go`,`arrive`,`date`,`` FROM orders_item a,ticket b WHERE ( a.t_id = b.tid and a.o_id ="1" ) 
ERR: 1054:Unknown column '' in 'field list'
 [ SQL语句 ] : SELECT `go`,`arrive`,`date`,`` FROM orders_item a,ticket b WHERE ( a.t_id = b.tid and a.o_id ="1" ) 

[ 2019-07-14T01:34:10+08:00 ] ::1 /fly/Home/Order/search
INFO: [ app_init ] --START--
INFO: Run Behavior\BuildLiteBehavior [ RunTime:0.000027s ]
INFO: [ app_init ] --END-- [ RunTime:0.000371s ]
INFO: [ app_begin ] --START--
INFO: Run Behavior\ReadHtmlCacheBehavior [ RunTime:0.000570s ]
INFO: [ app_begin ] --END-- [ RunTime:0.000614s ]
SQL: SHOW COLUMNS FROM `orders` [ RunTime:0.0046s ]
SQL: SELECT * FROM `orders` WHERE `uid` = 1  [ RunTime:0.0002s ]
SQL: SHOW COLUMNS FROM `orders_item` [ RunTime:0.0024s ]
SQL: SELECT `go`,`arrive`,`date` FROM orders_item a,ticket b WHERE ( a.t_id = b.tid and a.o_id ="1" )  [ RunTime:0.0002s ]
SQL: SHOW COLUMNS FROM `orders_item` [ RunTime:0.0031s ]
SQL: SELECT `go`,`arrive`,`date` FROM orders_item a,ticket b WHERE ( a.t_id = b.tid and a.o_id ="3" )  [ RunTime:0.0006s ]
INFO: [ view_parse ] --START--
INFO: [ template_filter ] --START--
INFO: Run Behavior\ContentReplaceBehavior [ RunTime:0.000067s ]
INFO: [ template_filter ] --END-- [ RunTime:0.000114s ]
INFO: Run Behavior\ParseTemplateBehavior [ RunTime:0.011526s ]
INFO: [ view_parse ] --END-- [ RunTime:0.011590s ]
INFO: [ view_filter ] --START--
INFO: Run Behavior\WriteHtmlCacheBehavior [ RunTime:0.000364s ]
INFO: [ view_filter ] --END-- [ RunTime:0.000398s ]
INFO: [ app_end ] --START--
INFO: Run Behavior\ShowPageTraceBehavior [ RunTime:0.000576s ]
INFO: [ app_end ] --END-- [ RunTime:0.000626s ]

[ 2019-07-14T01:44:47+08:00 ] ::1 /fly/Home/Order/search
INFO: [ app_init ] --START--
INFO: Run Behavior\BuildLiteBehavior [ RunTime:0.000012s ]
INFO: [ app_init ] --END-- [ RunTime:0.000331s ]
INFO: [ app_begin ] --START--
INFO: Run Behavior\ReadHtmlCacheBehavior [ RunTime:0.000526s ]
INFO: [ app_begin ] --END-- [ RunTime:0.000583s ]
SQL: SHOW COLUMNS FROM `orders` [ RunTime:0.0036s ]
SQL: SELECT * FROM `orders` WHERE `uid` = 1  [ RunTime:0.0003s ]
SQL: SHOW COLUMNS FROM `orders_item` [ RunTime:0.0029s ]
SQL: SELECT `go`,`arrive`,`date` FROM orders_item a,ticket b WHERE ( a.t_id = b.tid and a.o_id ="1" )  [ RunTime:0.0003s ]
SQL: SHOW COLUMNS FROM `orders_item` [ RunTime:0.0031s ]
SQL: SELECT `go`,`arrive`,`date` FROM orders_item a,ticket b WHERE ( a.t_id = b.tid and a.o_id ="3" )  [ RunTime:0.0003s ]
INFO: [ view_parse ] --START--
INFO: [ template_filter ] --START--
INFO: Run Behavior\ContentReplaceBehavior [ RunTime:0.000064s ]
INFO: [ template_filter ] --END-- [ RunTime:0.000107s ]
INFO: Run Behavior\ParseTemplateBehavior [ RunTime:0.006731s ]
INFO: [ view_parse ] --END-- [ RunTime:0.006812s ]
INFO: [ view_filter ] --START--
INFO: Run Behavior\WriteHtmlCacheBehavior [ RunTime:0.000592s ]
INFO: [ view_filter ] --END-- [ RunTime:0.000657s ]
INFO: [ app_end ] --START--
INFO: Run Behavior\ShowPageTraceBehavior [ RunTime:0.000614s ]
INFO: [ app_end ] --END-- [ RunTime:0.000662s ]

[ 2019-07-14T01:46:56+08:00 ] ::1 /fly/Home/Order/search
INFO: [ app_init ] --START--
INFO: Run Behavior\BuildLiteBehavior [ RunTime:0.000012s ]
INFO: [ app_init ] --END-- [ RunTime:0.000366s ]
INFO: [ app_begin ] --START--
INFO: Run Behavior\ReadHtmlCacheBehavior [ RunTime:0.000738s ]
INFO: [ app_begin ] --END-- [ RunTime:0.000780s ]
SQL: SHOW COLUMNS FROM `orders` [ RunTime:0.0038s ]
SQL: SELECT * FROM `orders` WHERE `uid` = 1  [ RunTime:0.0003s ]
SQL: SHOW COLUMNS FROM `orders_item` [ RunTime:0.0029s ]
SQL: SELECT `go`,`arrive`,`date` FROM orders_item a,ticket b WHERE ( a.t_id = b.tid and a.o_id ="1" )  [ RunTime:0.0003s ]
SQL: SHOW COLUMNS FROM `orders_item` [ RunTime:0.0030s ]
SQL: SELECT `go`,`arrive`,`date` FROM orders_item a,ticket b WHERE ( a.t_id = b.tid and a.o_id ="3" )  [ RunTime:0.0003s ]
INFO: [ view_parse ] --START--
INFO: [ template_filter ] --START--
INFO: Run Behavior\ContentReplaceBehavior [ RunTime:0.000104s ]
INFO: [ template_filter ] --END-- [ RunTime:0.000174s ]
INFO: Run Behavior\ParseTemplateBehavior [ RunTime:0.013695s ]
INFO: [ view_parse ] --END-- [ RunTime:0.013756s ]
INFO: [ view_filter ] --START--
INFO: Run Behavior\WriteHtmlCacheBehavior [ RunTime:0.000535s ]
INFO: [ view_filter ] --END-- [ RunTime:0.000565s ]
INFO: [ app_end ] --START--
INFO: Run Behavior\ShowPageTraceBehavior [ RunTime:0.000793s ]
INFO: [ app_end ] --END-- [ RunTime:0.000847s ]

[ 2019-07-14T01:48:53+08:00 ] ::1 /fly/Home/Order/search
INFO: [ app_init ] --START--
INFO: Run Behavior\BuildLiteBehavior [ RunTime:0.000013s ]
INFO: [ app_init ] --END-- [ RunTime:0.000359s ]
INFO: [ app_begin ] --START--
INFO: Run Behavior\ReadHtmlCacheBehavior [ RunTime:0.000524s ]
INFO: [ app_begin ] --END-- [ RunTime:0.000565s ]
SQL: SHOW COLUMNS FROM `orders` [ RunTime:0.0040s ]
SQL: SELECT * FROM `orders` WHERE `uid` = 1  [ RunTime:0.0003s ]
SQL: SHOW COLUMNS FROM `orders_item` [ RunTime:0.0027s ]
SQL: SELECT `go`,`arrive`,`date` FROM orders_item a,ticket b WHERE ( a.t_id = b.tid and a.o_id ="1" ) GROUP BY b.tid  [ RunTime:0.0004s ]
SQL: SHOW COLUMNS FROM `orders_item` [ RunTime:0.0031s ]
SQL: SELECT `go`,`arrive`,`date` FROM orders_item a,ticket b WHERE ( a.t_id = b.tid and a.o_id ="3" ) GROUP BY b.tid  [ RunTime:0.0004s ]
INFO: [ view_parse ] --START--
INFO: [ template_filter ] --START--
INFO: Run Behavior\ContentReplaceBehavior [ RunTime:0.000061s ]
INFO: [ template_filter ] --END-- [ RunTime:0.000101s ]
INFO: Run Behavior\ParseTemplateBehavior [ RunTime:0.006364s ]
INFO: [ view_parse ] --END-- [ RunTime:0.006411s ]
INFO: [ view_filter ] --START--
INFO: Run Behavior\WriteHtmlCacheBehavior [ RunTime:0.000279s ]
INFO: [ view_filter ] --END-- [ RunTime:0.000308s ]
INFO: [ app_end ] --START--
INFO: Run Behavior\ShowPageTraceBehavior [ RunTime:0.000578s ]
INFO: [ app_end ] --END-- [ RunTime:0.000622s ]

[ 2019-07-14T01:49:23+08:00 ] ::1 /fly/Home/Order/search
INFO: [ app_init ] --START--
INFO: Run Behavior\BuildLiteBehavior [ RunTime:0.000017s ]
INFO: [ app_init ] --END-- [ RunTime:0.000496s ]
INFO: [ app_begin ] --START--
INFO: Run Behavior\ReadHtmlCacheBehavior [ RunTime:0.000964s ]
INFO: [ app_begin ] --END-- [ RunTime:0.001015s ]
SQL: SHOW COLUMNS FROM `orders` [ RunTime:0.0501s ]
SQL: SELECT * FROM `orders` WHERE `uid` = 1  [ RunTime:0.0004s ]
SQL: SHOW COLUMNS FROM `orders_item` [ RunTime:0.0027s ]
SQL: SELECT `go`,`arrive`,`date` FROM orders_item a,ticket b WHERE ( a.t_id = b.tid and a.o_id ="1" ) GROUP BY b.tid  [ RunTime:0.0005s ]
SQL: SHOW COLUMNS FROM `orders_item` [ RunTime:0.0028s ]
SQL: SELECT `go`,`arrive`,`date` FROM orders_item a,ticket b WHERE ( a.t_id = b.tid and a.o_id ="3" ) GROUP BY b.tid  [ RunTime:0.0004s ]
INFO: [ view_parse ] --START--
INFO: [ template_filter ] --START--
INFO: Run Behavior\ContentReplaceBehavior [ RunTime:0.000075s ]
INFO: [ template_filter ] --END-- [ RunTime:0.000133s ]
INFO: Run Behavior\ParseTemplateBehavior [ RunTime:0.010971s ]
INFO: [ view_parse ] --END-- [ RunTime:0.011044s ]
INFO: [ view_filter ] --START--
INFO: Run Behavior\WriteHtmlCacheBehavior [ RunTime:0.000513s ]
INFO: [ view_filter ] --END-- [ RunTime:0.000548s ]
INFO: [ app_end ] --START--
INFO: Run Behavior\ShowPageTraceBehavior [ RunTime:0.001098s ]
INFO: [ app_end ] --END-- [ RunTime:0.001157s ]

[ 2019-07-14T01:49:24+08:00 ] ::1 /fly/Home/Order/search
INFO: [ app_init ] --START--
INFO: Run Behavior\BuildLiteBehavior [ RunTime:0.000013s ]
INFO: [ app_init ] --END-- [ RunTime:0.000374s ]
INFO: [ app_begin ] --START--
INFO: Run Behavior\ReadHtmlCacheBehavior [ RunTime:0.000641s ]
INFO: [ app_begin ] --END-- [ RunTime:0.000685s ]
SQL: SHOW COLUMNS FROM `orders` [ RunTime:0.0032s ]
SQL: SELECT * FROM `orders` WHERE `uid` = 1  [ RunTime:0.0003s ]
SQL: SHOW COLUMNS FROM `orders_item` [ RunTime:0.0025s ]
SQL: SELECT `go`,`arrive`,`date` FROM orders_item a,ticket b WHERE ( a.t_id = b.tid and a.o_id ="1" ) GROUP BY b.tid  [ RunTime:0.0004s ]
SQL: SHOW COLUMNS FROM `orders_item` [ RunTime:0.0032s ]
SQL: SELECT `go`,`arrive`,`date` FROM orders_item a,ticket b WHERE ( a.t_id = b.tid and a.o_id ="3" ) GROUP BY b.tid  [ RunTime:0.0006s ]
INFO: [ view_parse ] --START--
INFO: [ template_filter ] --START--
INFO: Run Behavior\ContentReplaceBehavior [ RunTime:0.000073s ]
INFO: [ template_filter ] --END-- [ RunTime:0.000122s ]
INFO: Run Behavior\ParseTemplateBehavior [ RunTime:0.007699s ]
INFO: [ view_parse ] --END-- [ RunTime:0.007764s ]
INFO: [ view_filter ] --START--
INFO: Run Behavior\WriteHtmlCacheBehavior [ RunTime:0.000488s ]
INFO: [ view_filter ] --END-- [ RunTime:0.000524s ]
INFO: [ app_end ] --START--
INFO: Run Behavior\ShowPageTraceBehavior [ RunTime:0.001158s ]
INFO: [ app_end ] --END-- [ RunTime:0.001220s ]

[ 2019-07-14T23:21:12+08:00 ] ::1 /fly/index.php
INFO: [ app_init ] --START--
INFO: Run Behavior\BuildLiteBehavior [ RunTime:0.000010s ]
INFO: [ app_init ] --END-- [ RunTime:0.000381s ]
INFO: [ app_begin ] --START--
INFO: Run Behavior\ReadHtmlCacheBehavior [ RunTime:0.000720s ]
INFO: [ app_begin ] --END-- [ RunTime:0.000763s ]
ERR: SQLSTATE[HY000] [1049] Unknown database 'fly'

